-- The C compiler identification is GNU 11.4.0
-- The CXX compiler identification is GNU 11.4.0
-- Detecting C compiler ABI info
-- Detecting C compiler ABI info - done
-- Check for working C compiler: /usr/bin/cc - skipped
-- Detecting C compile features
-- Detecting C compile features - done
-- Detecting CXX compiler ABI info
-- Detecting CXX compiler ABI info - done
-- Check for working CXX compiler: /usr/bin/c++ - skipped
-- Detecting CXX compile features
-- Detecting CXX compile features - done
-- Looking for pthread.h
-- Looking for pthread.h - found
-- Performing Test CMAKE_HAVE_LIBC_PTHREAD
-- Performing Test CMAKE_HAVE_LIBC_PTHREAD - Success
-- Found Threads: TRUE  
-- Building tests disabled.
-- Configuring done
-- Generating done
-- Build files have been written to: /home/jenit/ur_ws/build/ur_client_library
[  1%] [32mBuilding CXX object CMakeFiles/urcl.dir/src/control/script_sender.cpp.o[0m
[  3%] [32mBuilding CXX object CMakeFiles/urcl.dir/src/comm/tcp_socket.cpp.o[0m
[  4%] [32mBuilding CXX object CMakeFiles/urcl.dir/src/comm/tcp_server.cpp.o[0m
[  6%] [32mBuilding CXX object CMakeFiles/urcl.dir/src/control/reverse_interface.cpp.o[0m
[  8%] [32mBuilding CXX object CMakeFiles/urcl.dir/src/control/trajectory_point_interface.cpp.o[0m
[  9%] [32mBuilding CXX object CMakeFiles/urcl.dir/src/control/script_command_interface.cpp.o[0m
[ 11%] [32mBuilding CXX object CMakeFiles/urcl.dir/src/primary/primary_package.cpp.o[0m
[ 12%] [32mBuilding CXX object CMakeFiles/urcl.dir/src/primary/primary_client.cpp.o[0m
[ 14%] [32mBuilding CXX object CMakeFiles/urcl.dir/src/primary/robot_message.cpp.o[0m
[ 16%] [32mBuilding CXX object CMakeFiles/urcl.dir/src/primary/robot_state.cpp.o[0m
[ 17%] [32mBuilding CXX object CMakeFiles/urcl.dir/src/primary/robot_message/version_message.cpp.o[0m
[ 19%] [32mBuilding CXX object CMakeFiles/urcl.dir/src/primary/robot_message/error_code_message.cpp.o[0m
[ 20%] [32mBuilding CXX object CMakeFiles/urcl.dir/src/primary/robot_state/kinematics_info.cpp.o[0m
[ 22%] [32mBuilding CXX object CMakeFiles/urcl.dir/src/primary/robot_state/robot_mode_data.cpp.o[0m
[ 24%] [32mBuilding CXX object CMakeFiles/urcl.dir/src/primary/robot_state/configuration_data.cpp.o[0m
[ 25%] [32mBuilding CXX object CMakeFiles/urcl.dir/src/rtde/control_package_pause.cpp.o[0m
[ 27%] [32mBuilding CXX object CMakeFiles/urcl.dir/src/rtde/control_package_setup_inputs.cpp.o[0m
[ 29%] [32mBuilding CXX object CMakeFiles/urcl.dir/src/rtde/control_package_setup_outputs.cpp.o[0m
[ 30%] [32mBuilding CXX object CMakeFiles/urcl.dir/src/rtde/control_package_start.cpp.o[0m
[ 32%] [32mBuilding CXX object CMakeFiles/urcl.dir/src/rtde/data_package.cpp.o[0m
[ 33%] [32mBuilding CXX object CMakeFiles/urcl.dir/src/rtde/get_urcontrol_version.cpp.o[0m
[ 35%] [32mBuilding CXX object CMakeFiles/urcl.dir/src/rtde/request_protocol_version.cpp.o[0m
[ 37%] [32mBuilding CXX object CMakeFiles/urcl.dir/src/rtde/rtde_package.cpp.o[0m
[ 38%] [32mBuilding CXX object CMakeFiles/urcl.dir/src/rtde/text_message.cpp.o[0m
[ 40%] [32mBuilding CXX object CMakeFiles/urcl.dir/src/rtde/rtde_client.cpp.o[0m
[ 41%] [32mBuilding CXX object CMakeFiles/urcl.dir/src/ur/ur_driver.cpp.o[0m
[ 43%] [32mBuilding CXX object CMakeFiles/urcl.dir/src/ur/calibration_checker.cpp.o[0m
[ 45%] [32mBuilding CXX object CMakeFiles/urcl.dir/src/ur/dashboard_client.cpp.o[0m
[ 46%] [32mBuilding CXX object CMakeFiles/urcl.dir/src/ur/instruction_executor.cpp.o[0m
[ 48%] [32mBuilding CXX object CMakeFiles/urcl.dir/src/ur/tool_communication.cpp.o[0m
[ 50%] [32mBuilding CXX object CMakeFiles/urcl.dir/src/ur/robot_receive_timeout.cpp.o[0m
[ 51%] [32mBuilding CXX object CMakeFiles/urcl.dir/src/ur/version_information.cpp.o[0m
[ 53%] [32mBuilding CXX object CMakeFiles/urcl.dir/src/rtde/rtde_writer.cpp.o[0m
[ 54%] [32mBuilding CXX object CMakeFiles/urcl.dir/src/default_log_handler.cpp.o[0m
[ 56%] [32mBuilding CXX object CMakeFiles/urcl.dir/src/example_robot_wrapper.cpp.o[0m
[ 58%] [32mBuilding CXX object CMakeFiles/urcl.dir/src/log.cpp.o[0m
[ 59%] [32mBuilding CXX object CMakeFiles/urcl.dir/src/helpers.cpp.o[0m
[ 61%] [32m[1mLinking CXX shared library liburcl.so[0m
[ 61%] Built target urcl
[ 62%] [32mBuilding CXX object examples/CMakeFiles/rtde_client_example.dir/rtde_client.cpp.o[0m
[ 64%] [32mBuilding CXX object examples/CMakeFiles/driver_example.dir/full_driver.cpp.o[0m
[ 66%] [32mBuilding CXX object examples/CMakeFiles/primary_pipeline_calibration_example.dir/primary_pipeline_calibration.cpp.o[0m
[ 67%] [32mBuilding CXX object examples/CMakeFiles/primary_pipeline_example.dir/primary_pipeline.cpp.o[0m
[ 69%] [32m[1mLinking CXX executable rtde_client_example[0m
[ 70%] [32m[1mLinking CXX executable primary_pipeline_calibration_example[0m
[ 70%] Built target rtde_client_example
[ 72%] [32mBuilding CXX object examples/CMakeFiles/dashboard_example.dir/dashboard_example.cpp.o[0m
[ 72%] Built target primary_pipeline_calibration_example
[ 74%] [32mBuilding CXX object examples/CMakeFiles/spline_example.dir/spline_example.cpp.o[0m
[ 75%] [32m[1mLinking CXX executable driver_example[0m
[ 77%] [32m[1mLinking CXX executable primary_pipeline_example[0m
[ 77%] Built target driver_example
[ 77%] Built target primary_pipeline_example
[ 79%] [32mBuilding CXX object examples/CMakeFiles/tool_contact_example.dir/tool_contact_example.cpp.o[0m
[ 80%] [32mBuilding CXX object examples/CMakeFiles/freedrive_example.dir/freedrive_example.cpp.o[0m
[ 82%] [32m[1mLinking CXX executable dashboard_example[0m
[ 82%] Built target dashboard_example
[ 83%] [32mBuilding CXX object examples/CMakeFiles/force_mode_example.dir/force_mode_example.cpp.o[0m
[ 85%] [32m[1mLinking CXX executable tool_contact_example[0m
[ 87%] [32m[1mLinking CXX executable freedrive_example[0m
[ 87%] Built target tool_contact_example
[ 88%] [32mBuilding CXX object examples/CMakeFiles/script_sender_example.dir/script_sender.cpp.o[0m
[ 88%] Built target freedrive_example
[ 90%] [32mBuilding CXX object examples/CMakeFiles/trajectory_point_interface_example.dir/trajectory_point_interface.cpp.o[0m
[ 91%] [32m[1mLinking CXX executable spline_example[0m
[ 91%] Built target spline_example
[ 93%] [32mBuilding CXX object examples/CMakeFiles/instruction_executor.dir/instruction_executor.cpp.o[0m
[ 95%] [32m[1mLinking CXX executable force_mode_example[0m
[ 95%] Built target force_mode_example
[ 96%] [32m[1mLinking CXX executable script_sender_example[0m
[ 96%] Built target script_sender_example
[ 98%] [32m[1mLinking CXX executable trajectory_point_interface_example[0m
[ 98%] Built target trajectory_point_interface_example
[100%] [32m[1mLinking CXX executable instruction_executor[0m
[100%] Built target instruction_executor
-- Install configuration: "RelWithDebInfo"
-- Installing: /home/jenit/ur_ws/install/ur_client_library/lib/liburcl.so
-- Installing: /home/jenit/ur_ws/install/ur_client_library/include
-- Installing: /home/jenit/ur_ws/install/ur_client_library/include/ur_client_library
-- Installing: /home/jenit/ur_ws/install/ur_client_library/include/ur_client_library/queue
-- Installing: /home/jenit/ur_ws/install/ur_client_library/include/ur_client_library/queue/readerwriterqueue.h
-- Installing: /home/jenit/ur_ws/install/ur_client_library/include/ur_client_library/queue/atomicops.h
-- Installing: /home/jenit/ur_ws/install/ur_client_library/include/ur_client_library/queue/.clang-tidy
-- Installing: /home/jenit/ur_ws/install/ur_client_library/include/ur_client_library/queue/LICENSE.md
-- Installing: /home/jenit/ur_ws/install/ur_client_library/include/ur_client_library/ur
-- Installing: /home/jenit/ur_ws/install/ur_client_library/include/ur_client_library/ur/calibration_checker.h
-- Installing: /home/jenit/ur_ws/install/ur_client_library/include/ur_client_library/ur/datatypes.h
-- Installing: /home/jenit/ur_ws/install/ur_client_library/include/ur_client_library/ur/instruction_executor.h
-- Installing: /home/jenit/ur_ws/install/ur_client_library/include/ur_client_library/ur/version_information.h
-- Installing: /home/jenit/ur_ws/install/ur_client_library/include/ur_client_library/ur/dashboard_client.h
-- Installing: /home/jenit/ur_ws/install/ur_client_library/include/ur_client_library/ur/ur_driver.h
-- Installing: /home/jenit/ur_ws/install/ur_client_library/include/ur_client_library/ur/tool_communication.h
-- Installing: /home/jenit/ur_ws/install/ur_client_library/include/ur_client_library/ur/robot_receive_timeout.h
-- Installing: /home/jenit/ur_ws/install/ur_client_library/include/ur_client_library/default_log_handler.h
-- Installing: /home/jenit/ur_ws/install/ur_client_library/include/ur_client_library/helpers.h
-- Installing: /home/jenit/ur_ws/install/ur_client_library/include/ur_client_library/types.h
-- Installing: /home/jenit/ur_ws/install/ur_client_library/include/ur_client_library/rtde
-- Installing: /home/jenit/ur_ws/install/ur_client_library/include/ur_client_library/rtde/rtde_parser.h
-- Installing: /home/jenit/ur_ws/install/ur_client_library/include/ur_client_library/rtde/control_package_setup_inputs.h
-- Installing: /home/jenit/ur_ws/install/ur_client_library/include/ur_client_library/rtde/control_package_setup_outputs.h
-- Installing: /home/jenit/ur_ws/install/ur_client_library/include/ur_client_library/rtde/rtde_package.h
-- Installing: /home/jenit/ur_ws/install/ur_client_library/include/ur_client_library/rtde/rtde_client.h
-- Installing: /home/jenit/ur_ws/install/ur_client_library/include/ur_client_library/rtde/control_package_pause.h
-- Installing: /home/jenit/ur_ws/install/ur_client_library/include/ur_client_library/rtde/text_message.h
-- Installing: /home/jenit/ur_ws/install/ur_client_library/include/ur_client_library/rtde/rtde_writer.h
-- Installing: /home/jenit/ur_ws/install/ur_client_library/include/ur_client_library/rtde/.clang-tidy
-- Installing: /home/jenit/ur_ws/install/ur_client_library/include/ur_client_library/rtde/control_package_start.h
-- Installing: /home/jenit/ur_ws/install/ur_client_library/include/ur_client_library/rtde/request_protocol_version.h
-- Installing: /home/jenit/ur_ws/install/ur_client_library/include/ur_client_library/rtde/package_header.h
-- Installing: /home/jenit/ur_ws/install/ur_client_library/include/ur_client_library/rtde/get_urcontrol_version.h
-- Installing: /home/jenit/ur_ws/install/ur_client_library/include/ur_client_library/rtde/data_package.h
-- Installing: /home/jenit/ur_ws/install/ur_client_library/include/ur_client_library/comm
-- Installing: /home/jenit/ur_ws/install/ur_client_library/include/ur_client_library/comm/shell_consumer.h
-- Installing: /home/jenit/ur_ws/install/ur_client_library/include/ur_client_library/comm/bin_parser.h
-- Installing: /home/jenit/ur_ws/install/ur_client_library/include/ur_client_library/comm/tcp_server.h
-- Installing: /home/jenit/ur_ws/install/ur_client_library/include/ur_client_library/comm/parser.h
-- Installing: /home/jenit/ur_ws/install/ur_client_library/include/ur_client_library/comm/package_serializer.h
-- Installing: /home/jenit/ur_ws/install/ur_client_library/include/ur_client_library/comm/pipeline.h
-- Installing: /home/jenit/ur_ws/install/ur_client_library/include/ur_client_library/comm/tcp_socket.h
-- Installing: /home/jenit/ur_ws/install/ur_client_library/include/ur_client_library/comm/socket_t.h
-- Installing: /home/jenit/ur_ws/install/ur_client_library/include/ur_client_library/comm/stream.h
-- Installing: /home/jenit/ur_ws/install/ur_client_library/include/ur_client_library/comm/control_mode.h
-- Installing: /home/jenit/ur_ws/install/ur_client_library/include/ur_client_library/comm/package.h
-- Installing: /home/jenit/ur_ws/install/ur_client_library/include/ur_client_library/comm/producer.h
-- Installing: /home/jenit/ur_ws/install/ur_client_library/include/ur_client_library/primary
-- Installing: /home/jenit/ur_ws/install/ur_client_library/include/ur_client_library/primary/primary_consumer.h
-- Installing: /home/jenit/ur_ws/install/ur_client_library/include/ur_client_library/primary/robot_state
-- Installing: /home/jenit/ur_ws/install/ur_client_library/include/ur_client_library/primary/robot_state/configuration_data.h
-- Installing: /home/jenit/ur_ws/install/ur_client_library/include/ur_client_library/primary/robot_state/robot_mode_data.h
-- Installing: /home/jenit/ur_ws/install/ur_client_library/include/ur_client_library/primary/robot_state/kinematics_info.h
-- Installing: /home/jenit/ur_ws/install/ur_client_library/include/ur_client_library/primary/robot_message
-- Installing: /home/jenit/ur_ws/install/ur_client_library/include/ur_client_library/primary/robot_message/error_code_message.h
-- Installing: /home/jenit/ur_ws/install/ur_client_library/include/ur_client_library/primary/robot_message/version_message.h
-- Installing: /home/jenit/ur_ws/install/ur_client_library/include/ur_client_library/primary/primary_client.h
-- Installing: /home/jenit/ur_ws/install/ur_client_library/include/ur_client_library/primary/.clang-tidy
-- Installing: /home/jenit/ur_ws/install/ur_client_library/include/ur_client_library/primary/robot_message.h
-- Installing: /home/jenit/ur_ws/install/ur_client_library/include/ur_client_library/primary/abstract_primary_consumer.h
-- Installing: /home/jenit/ur_ws/install/ur_client_library/include/ur_client_library/primary/primary_package.h
-- Installing: /home/jenit/ur_ws/install/ur_client_library/include/ur_client_library/primary/package_header.h
-- Installing: /home/jenit/ur_ws/install/ur_client_library/include/ur_client_library/primary/primary_parser.h
-- Installing: /home/jenit/ur_ws/install/ur_client_library/include/ur_client_library/primary/robot_state.h
-- Installing: /home/jenit/ur_ws/install/ur_client_library/include/ur_client_library/exceptions.h
-- Installing: /home/jenit/ur_ws/install/ur_client_library/include/ur_client_library/control
-- Installing: /home/jenit/ur_ws/install/ur_client_library/include/ur_client_library/control/reverse_interface.h
-- Installing: /home/jenit/ur_ws/install/ur_client_library/include/ur_client_library/control/trajectory_point_interface.h
-- Installing: /home/jenit/ur_ws/install/ur_client_library/include/ur_client_library/control/script_command_interface.h
-- Installing: /home/jenit/ur_ws/install/ur_client_library/include/ur_client_library/control/motion_primitives.h
-- Installing: /home/jenit/ur_ws/install/ur_client_library/include/ur_client_library/control/script_sender.h
-- Installing: /home/jenit/ur_ws/install/ur_client_library/include/ur_client_library/example_robot_wrapper.h
-- Installing: /home/jenit/ur_ws/install/ur_client_library/include/ur_client_library/log.h
-- Installing: /home/jenit/ur_ws/install/ur_client_library/lib/cmake/ur_client_library/urclTargets.cmake
-- Installing: /home/jenit/ur_ws/install/ur_client_library/lib/cmake/ur_client_library/urclTargets-relwithdebinfo.cmake
-- Installing: /home/jenit/ur_ws/install/ur_client_library/lib/ur_client_library/start_ursim.sh
-- Installing: /home/jenit/ur_ws/install/ur_client_library/lib/cmake/ur_client_library/ur_client_libraryConfig.cmake
-- Installing: /home/jenit/ur_ws/install/ur_client_library/share/ur_client_library/package.xml
-- Installing: /home/jenit/ur_ws/install/ur_client_library/share/ament_index/resource_index/packages/ur_client_library
-- Installing: /home/jenit/ur_ws/install/ur_client_library/share/ur_client_library/hook/ament_prefix_path.dsv
-- Installing: /home/jenit/ur_ws/install/ur_client_library/share/ur_client_library/hook/ros_package_path.dsv
-- Installing: /home/jenit/ur_ws/install/ur_client_library/share/ur_client_library/resources
-- Installing: /home/jenit/ur_ws/install/ur_client_library/share/ur_client_library/resources/external_control.urscript
