[0.032s] Invoking command in '/home/jenit/ur_ws/build/ur_client_library': CMAKE_PREFIX_PATH=${CMAKE_PREFIX_PATH}:/home/jenit/ros2_humble/install/rqt_bag_plugins:/home/jenit/ros2_humble/install/rqt_bag:/home/jenit/ros2_humble/install/launch_testing_examples:/home/jenit/ros2_humble/install/ros2bag:/home/jenit/ros2_humble/install/tracetools_test:/home/jenit/ros2_humble/install/tracetools_launch:/home/jenit/ros2_humble/install/topic_monitor:/home/jenit/ros2_humble/install/tf2_tools:/home/jenit/ros2_humble/install/examples_tf2_py:/home/jenit/ros2_humble/install/tf2_ros_py:/home/jenit/ros2_humble/install/sros2:/home/jenit/ros2_humble/install/rqt_topic:/home/jenit/ros2_humble/install/rqt_srv:/home/jenit/ros2_humble/install/rqt_shell:/home/jenit/ros2_humble/install/rqt_service_caller:/home/jenit/ros2_humble/install/rqt_reconfigure:/home/jenit/ros2_humble/install/rqt_py_console:/home/jenit/ros2_humble/install/rqt_publisher:/home/jenit/ros2_humble/install/rqt_plot:/home/jenit/ros2_humble/install/rqt_action:/home/jenit/ros2_humble/install/rqt_msg:/home/jenit/ros2_humble/install/rqt_console:/home/jenit/ros2_humble/install/rqt:/home/jenit/ros2_humble/install/rqt_graph:/home/jenit/ros2_humble/install/rqt_gui_py:/home/jenit/ros2_humble/install/rqt_gui:/home/jenit/ros2_humble/install/ros2trace:/home/jenit/ros2_humble/install/ros2topic:/home/jenit/ros2_humble/install/ros2test:/home/jenit/ros2_humble/install/ros2component:/home/jenit/ros2_humble/install/ros2param:/home/jenit/ros2_humble/install/ros2lifecycle:/home/jenit/ros2_humble/install/ros2service:/home/jenit/ros2_humble/install/ros2run:/home/jenit/ros2_humble/install/ros2launch:/home/jenit/ros2_humble/install/ros2pkg:/home/jenit/ros2_humble/install/ros2node:/home/jenit/ros2_humble/install/ros2multicast:/home/jenit/ros2_humble/install/ros2interface:/home/jenit/ros2_humble/install/ros2doctor:/home/jenit/ros2_humble/install/ros2action:/home/jenit/ros2_humble/install/ros2cli:/home/jenit/ros2_humble/install/quality_of_service_demo_py:/home/jenit/ros2_humble/install/lifecycle_py:/home/jenit/ros2_humble/install/launch_testing_ros:/home/jenit/ros2_humble/install/launch_ros:/home/jenit/ros2_humble/install/examples_rclpy_pointcloud_publisher:/home/jenit/ros2_humble/install/examples_rclpy_minimal_subscriber:/home/jenit/ros2_humble/install/examples_rclpy_minimal_service:/home/jenit/ros2_humble/install/examples_rclpy_minimal_publisher:/home/jenit/ros2_humble/install/examples_rclpy_minimal_client:/home/jenit/ros2_humble/install/examples_rclpy_minimal_action_server:/home/jenit/ros2_humble/install/examples_rclpy_minimal_action_client:/home/jenit/ros2_humble/install/examples_rclpy_guard_conditions:/home/jenit/ros2_humble/install/examples_rclpy_executors:/home/jenit/ros2_humble/install/demo_nodes_py:/home/jenit/ros2_humble/install/camera_info_manager_py:/home/jenit/ros2_humble/install/action_tutorials_py:/home/jenit/ros2_humble/install/ament_uncrustify:/home/jenit/ros2_humble/install/tracetools_trace:/home/jenit/ros2_humble/install/tracetools_read:/home/jenit/ros2_humble/install/test_tracetools_launch:/home/jenit/ros2_humble/install/test_launch_ros:/home/jenit/ros2_humble/install/sensor_msgs_py:/home/jenit/ros2_humble/install/rpyutils:/home/jenit/ros2_humble/install/rosidl_runtime_py:/home/jenit/ros2_humble/install/rosidl_cli:/home/jenit/ros2_humble/install/launch_pytest:/home/jenit/ros2_humble/install/launch_testing:/home/jenit/ros2_humble/install/launch_yaml:/home/jenit/ros2_humble/install/launch_xml:/home/jenit/ros2_humble/install/launch:/home/jenit/ros2_humble/install/osrf_pycommon:/home/jenit/ros2_humble/install/domain_coordinator:/home/jenit/ros2_humble/install/ament_xmllint:/home/jenit/ros2_humble/install/ament_pyflakes:/home/jenit/ros2_humble/install/ament_pycodestyle:/home/jenit/ros2_humble/install/ament_pep257:/home/jenit/ros2_humble/install/ament_pclint:/home/jenit/ros2_humble/install/ament_package:/home/jenit/ros2_humble/install/ament_mypy:/home/jenit/ros2_humble/install/ament_lint_cmake:/home/jenit/ros2_humble/install/ament_flake8:/home/jenit/ros2_humble/install/ament_copyright:/home/jenit/ros2_humble/install/ament_lint:/home/jenit/ros2_humble/install/ament_index_python:/home/jenit/ros2_humble/install/ament_cpplint:/home/jenit/ros2_humble/install/ament_cppcheck:/home/jenit/ros2_humble/install/ament_clang_tidy:/home/jenit/ros2_humble/install/ament_clang_format /usr/bin/cmake /home/jenit/ur_ws/src/Universal_Robots_Client_Library -DCMAKE_INSTALL_PREFIX=/home/jenit/ur_ws/install/ur_client_library
[0.152s] -- The C compiler identification is GNU 11.4.0
[0.230s] -- The CXX compiler identification is GNU 11.4.0
[0.242s] -- Detecting C compiler ABI info
[0.361s] -- Detecting C compiler ABI info - done
[0.366s] -- Check for working C compiler: /usr/bin/cc - skipped
[0.367s] -- Detecting C compile features
[0.367s] -- Detecting C compile features - done
[0.369s] -- Detecting CXX compiler ABI info
[0.521s] -- Detecting CXX compiler ABI info - done
[0.531s] -- Check for working CXX compiler: /usr/bin/c++ - skipped
[0.531s] -- Detecting CXX compile features
[0.532s] -- Detecting CXX compile features - done
[0.532s] [0mur_client_library: You did not request a specific build type: selecting 'RelWithDebInfo'.[0m
[0.542s] -- Looking for pthread.h
[0.692s] -- Looking for pthread.h - found
[0.692s] -- Performing Test CMAKE_HAVE_LIBC_PTHREAD
[0.866s] -- Performing Test CMAKE_HAVE_LIBC_PTHREAD - Success
[0.867s] -- Found Threads: TRUE  
[0.867s] -- Building tests disabled.
[0.880s] -- Configuring done
[0.905s] -- Generating done
[0.911s] -- Build files have been written to: /home/jenit/ur_ws/build/ur_client_library
[0.918s] Invoked command in '/home/jenit/ur_ws/build/ur_client_library' returned '0': CMAKE_PREFIX_PATH=${CMAKE_PREFIX_PATH}:/home/jenit/ros2_humble/install/rqt_bag_plugins:/home/jenit/ros2_humble/install/rqt_bag:/home/jenit/ros2_humble/install/launch_testing_examples:/home/jenit/ros2_humble/install/ros2bag:/home/jenit/ros2_humble/install/tracetools_test:/home/jenit/ros2_humble/install/tracetools_launch:/home/jenit/ros2_humble/install/topic_monitor:/home/jenit/ros2_humble/install/tf2_tools:/home/jenit/ros2_humble/install/examples_tf2_py:/home/jenit/ros2_humble/install/tf2_ros_py:/home/jenit/ros2_humble/install/sros2:/home/jenit/ros2_humble/install/rqt_topic:/home/jenit/ros2_humble/install/rqt_srv:/home/jenit/ros2_humble/install/rqt_shell:/home/jenit/ros2_humble/install/rqt_service_caller:/home/jenit/ros2_humble/install/rqt_reconfigure:/home/jenit/ros2_humble/install/rqt_py_console:/home/jenit/ros2_humble/install/rqt_publisher:/home/jenit/ros2_humble/install/rqt_plot:/home/jenit/ros2_humble/install/rqt_action:/home/jenit/ros2_humble/install/rqt_msg:/home/jenit/ros2_humble/install/rqt_console:/home/jenit/ros2_humble/install/rqt:/home/jenit/ros2_humble/install/rqt_graph:/home/jenit/ros2_humble/install/rqt_gui_py:/home/jenit/ros2_humble/install/rqt_gui:/home/jenit/ros2_humble/install/ros2trace:/home/jenit/ros2_humble/install/ros2topic:/home/jenit/ros2_humble/install/ros2test:/home/jenit/ros2_humble/install/ros2component:/home/jenit/ros2_humble/install/ros2param:/home/jenit/ros2_humble/install/ros2lifecycle:/home/jenit/ros2_humble/install/ros2service:/home/jenit/ros2_humble/install/ros2run:/home/jenit/ros2_humble/install/ros2launch:/home/jenit/ros2_humble/install/ros2pkg:/home/jenit/ros2_humble/install/ros2node:/home/jenit/ros2_humble/install/ros2multicast:/home/jenit/ros2_humble/install/ros2interface:/home/jenit/ros2_humble/install/ros2doctor:/home/jenit/ros2_humble/install/ros2action:/home/jenit/ros2_humble/install/ros2cli:/home/jenit/ros2_humble/install/quality_of_service_demo_py:/home/jenit/ros2_humble/install/lifecycle_py:/home/jenit/ros2_humble/install/launch_testing_ros:/home/jenit/ros2_humble/install/launch_ros:/home/jenit/ros2_humble/install/examples_rclpy_pointcloud_publisher:/home/jenit/ros2_humble/install/examples_rclpy_minimal_subscriber:/home/jenit/ros2_humble/install/examples_rclpy_minimal_service:/home/jenit/ros2_humble/install/examples_rclpy_minimal_publisher:/home/jenit/ros2_humble/install/examples_rclpy_minimal_client:/home/jenit/ros2_humble/install/examples_rclpy_minimal_action_server:/home/jenit/ros2_humble/install/examples_rclpy_minimal_action_client:/home/jenit/ros2_humble/install/examples_rclpy_guard_conditions:/home/jenit/ros2_humble/install/examples_rclpy_executors:/home/jenit/ros2_humble/install/demo_nodes_py:/home/jenit/ros2_humble/install/camera_info_manager_py:/home/jenit/ros2_humble/install/action_tutorials_py:/home/jenit/ros2_humble/install/ament_uncrustify:/home/jenit/ros2_humble/install/tracetools_trace:/home/jenit/ros2_humble/install/tracetools_read:/home/jenit/ros2_humble/install/test_tracetools_launch:/home/jenit/ros2_humble/install/test_launch_ros:/home/jenit/ros2_humble/install/sensor_msgs_py:/home/jenit/ros2_humble/install/rpyutils:/home/jenit/ros2_humble/install/rosidl_runtime_py:/home/jenit/ros2_humble/install/rosidl_cli:/home/jenit/ros2_humble/install/launch_pytest:/home/jenit/ros2_humble/install/launch_testing:/home/jenit/ros2_humble/install/launch_yaml:/home/jenit/ros2_humble/install/launch_xml:/home/jenit/ros2_humble/install/launch:/home/jenit/ros2_humble/install/osrf_pycommon:/home/jenit/ros2_humble/install/domain_coordinator:/home/jenit/ros2_humble/install/ament_xmllint:/home/jenit/ros2_humble/install/ament_pyflakes:/home/jenit/ros2_humble/install/ament_pycodestyle:/home/jenit/ros2_humble/install/ament_pep257:/home/jenit/ros2_humble/install/ament_pclint:/home/jenit/ros2_humble/install/ament_package:/home/jenit/ros2_humble/install/ament_mypy:/home/jenit/ros2_humble/install/ament_lint_cmake:/home/jenit/ros2_humble/install/ament_flake8:/home/jenit/ros2_humble/install/ament_copyright:/home/jenit/ros2_humble/install/ament_lint:/home/jenit/ros2_humble/install/ament_index_python:/home/jenit/ros2_humble/install/ament_cpplint:/home/jenit/ros2_humble/install/ament_cppcheck:/home/jenit/ros2_humble/install/ament_clang_tidy:/home/jenit/ros2_humble/install/ament_clang_format /usr/bin/cmake /home/jenit/ur_ws/src/Universal_Robots_Client_Library -DCMAKE_INSTALL_PREFIX=/home/jenit/ur_ws/install/ur_client_library
[0.920s] Invoking command in '/home/jenit/ur_ws/build/ur_client_library': CMAKE_PREFIX_PATH=${CMAKE_PREFIX_PATH}:/home/jenit/ros2_humble/install/rqt_bag_plugins:/home/jenit/ros2_humble/install/rqt_bag:/home/jenit/ros2_humble/install/launch_testing_examples:/home/jenit/ros2_humble/install/ros2bag:/home/jenit/ros2_humble/install/tracetools_test:/home/jenit/ros2_humble/install/tracetools_launch:/home/jenit/ros2_humble/install/topic_monitor:/home/jenit/ros2_humble/install/tf2_tools:/home/jenit/ros2_humble/install/examples_tf2_py:/home/jenit/ros2_humble/install/tf2_ros_py:/home/jenit/ros2_humble/install/sros2:/home/jenit/ros2_humble/install/rqt_topic:/home/jenit/ros2_humble/install/rqt_srv:/home/jenit/ros2_humble/install/rqt_shell:/home/jenit/ros2_humble/install/rqt_service_caller:/home/jenit/ros2_humble/install/rqt_reconfigure:/home/jenit/ros2_humble/install/rqt_py_console:/home/jenit/ros2_humble/install/rqt_publisher:/home/jenit/ros2_humble/install/rqt_plot:/home/jenit/ros2_humble/install/rqt_action:/home/jenit/ros2_humble/install/rqt_msg:/home/jenit/ros2_humble/install/rqt_console:/home/jenit/ros2_humble/install/rqt:/home/jenit/ros2_humble/install/rqt_graph:/home/jenit/ros2_humble/install/rqt_gui_py:/home/jenit/ros2_humble/install/rqt_gui:/home/jenit/ros2_humble/install/ros2trace:/home/jenit/ros2_humble/install/ros2topic:/home/jenit/ros2_humble/install/ros2test:/home/jenit/ros2_humble/install/ros2component:/home/jenit/ros2_humble/install/ros2param:/home/jenit/ros2_humble/install/ros2lifecycle:/home/jenit/ros2_humble/install/ros2service:/home/jenit/ros2_humble/install/ros2run:/home/jenit/ros2_humble/install/ros2launch:/home/jenit/ros2_humble/install/ros2pkg:/home/jenit/ros2_humble/install/ros2node:/home/jenit/ros2_humble/install/ros2multicast:/home/jenit/ros2_humble/install/ros2interface:/home/jenit/ros2_humble/install/ros2doctor:/home/jenit/ros2_humble/install/ros2action:/home/jenit/ros2_humble/install/ros2cli:/home/jenit/ros2_humble/install/quality_of_service_demo_py:/home/jenit/ros2_humble/install/lifecycle_py:/home/jenit/ros2_humble/install/launch_testing_ros:/home/jenit/ros2_humble/install/launch_ros:/home/jenit/ros2_humble/install/examples_rclpy_pointcloud_publisher:/home/jenit/ros2_humble/install/examples_rclpy_minimal_subscriber:/home/jenit/ros2_humble/install/examples_rclpy_minimal_service:/home/jenit/ros2_humble/install/examples_rclpy_minimal_publisher:/home/jenit/ros2_humble/install/examples_rclpy_minimal_client:/home/jenit/ros2_humble/install/examples_rclpy_minimal_action_server:/home/jenit/ros2_humble/install/examples_rclpy_minimal_action_client:/home/jenit/ros2_humble/install/examples_rclpy_guard_conditions:/home/jenit/ros2_humble/install/examples_rclpy_executors:/home/jenit/ros2_humble/install/demo_nodes_py:/home/jenit/ros2_humble/install/camera_info_manager_py:/home/jenit/ros2_humble/install/action_tutorials_py:/home/jenit/ros2_humble/install/ament_uncrustify:/home/jenit/ros2_humble/install/tracetools_trace:/home/jenit/ros2_humble/install/tracetools_read:/home/jenit/ros2_humble/install/test_tracetools_launch:/home/jenit/ros2_humble/install/test_launch_ros:/home/jenit/ros2_humble/install/sensor_msgs_py:/home/jenit/ros2_humble/install/rpyutils:/home/jenit/ros2_humble/install/rosidl_runtime_py:/home/jenit/ros2_humble/install/rosidl_cli:/home/jenit/ros2_humble/install/launch_pytest:/home/jenit/ros2_humble/install/launch_testing:/home/jenit/ros2_humble/install/launch_yaml:/home/jenit/ros2_humble/install/launch_xml:/home/jenit/ros2_humble/install/launch:/home/jenit/ros2_humble/install/osrf_pycommon:/home/jenit/ros2_humble/install/domain_coordinator:/home/jenit/ros2_humble/install/ament_xmllint:/home/jenit/ros2_humble/install/ament_pyflakes:/home/jenit/ros2_humble/install/ament_pycodestyle:/home/jenit/ros2_humble/install/ament_pep257:/home/jenit/ros2_humble/install/ament_pclint:/home/jenit/ros2_humble/install/ament_package:/home/jenit/ros2_humble/install/ament_mypy:/home/jenit/ros2_humble/install/ament_lint_cmake:/home/jenit/ros2_humble/install/ament_flake8:/home/jenit/ros2_humble/install/ament_copyright:/home/jenit/ros2_humble/install/ament_lint:/home/jenit/ros2_humble/install/ament_index_python:/home/jenit/ros2_humble/install/ament_cpplint:/home/jenit/ros2_humble/install/ament_cppcheck:/home/jenit/ros2_humble/install/ament_clang_tidy:/home/jenit/ros2_humble/install/ament_clang_format /usr/bin/cmake --build /home/jenit/ur_ws/build/ur_client_library -- -j4 -l4
[1.046s] [  1%] [32mBuilding CXX object CMakeFiles/urcl.dir/src/control/script_sender.cpp.o[0m
[1.056s] [  3%] [32mBuilding CXX object CMakeFiles/urcl.dir/src/comm/tcp_socket.cpp.o[0m
[1.058s] [  4%] [32mBuilding CXX object CMakeFiles/urcl.dir/src/comm/tcp_server.cpp.o[0m
[1.064s] [  6%] [32mBuilding CXX object CMakeFiles/urcl.dir/src/control/reverse_interface.cpp.o[0m
[2.642s] [  8%] [32mBuilding CXX object CMakeFiles/urcl.dir/src/control/trajectory_point_interface.cpp.o[0m
[2.738s] [  9%] [32mBuilding CXX object CMakeFiles/urcl.dir/src/control/script_command_interface.cpp.o[0m
[2.839s] [ 11%] [32mBuilding CXX object CMakeFiles/urcl.dir/src/primary/primary_package.cpp.o[0m
[3.048s] [ 12%] [32mBuilding CXX object CMakeFiles/urcl.dir/src/primary/primary_client.cpp.o[0m
[4.195s] [ 14%] [32mBuilding CXX object CMakeFiles/urcl.dir/src/primary/robot_message.cpp.o[0m
[4.460s] [ 16%] [32mBuilding CXX object CMakeFiles/urcl.dir/src/primary/robot_state.cpp.o[0m
[4.998s] [ 17%] [32mBuilding CXX object CMakeFiles/urcl.dir/src/primary/robot_message/version_message.cpp.o[0m
[5.924s] [ 19%] [32mBuilding CXX object CMakeFiles/urcl.dir/src/primary/robot_message/error_code_message.cpp.o[0m
[6.007s] [ 20%] [32mBuilding CXX object CMakeFiles/urcl.dir/src/primary/robot_state/kinematics_info.cpp.o[0m
[6.356s] [ 22%] [32mBuilding CXX object CMakeFiles/urcl.dir/src/primary/robot_state/robot_mode_data.cpp.o[0m
[7.193s] [ 24%] [32mBuilding CXX object CMakeFiles/urcl.dir/src/primary/robot_state/configuration_data.cpp.o[0m
[7.646s] [ 25%] [32mBuilding CXX object CMakeFiles/urcl.dir/src/rtde/control_package_pause.cpp.o[0m
[8.029s] [ 27%] [32mBuilding CXX object CMakeFiles/urcl.dir/src/rtde/control_package_setup_inputs.cpp.o[0m
[8.657s] [ 29%] [32mBuilding CXX object CMakeFiles/urcl.dir/src/rtde/control_package_setup_outputs.cpp.o[0m
[8.875s] [ 30%] [32mBuilding CXX object CMakeFiles/urcl.dir/src/rtde/control_package_start.cpp.o[0m
[9.000s] [ 32%] [32mBuilding CXX object CMakeFiles/urcl.dir/src/rtde/data_package.cpp.o[0m
[9.234s] [ 33%] [32mBuilding CXX object CMakeFiles/urcl.dir/src/rtde/get_urcontrol_version.cpp.o[0m
[9.714s] [ 35%] [32mBuilding CXX object CMakeFiles/urcl.dir/src/rtde/request_protocol_version.cpp.o[0m
[10.441s] [ 37%] [32mBuilding CXX object CMakeFiles/urcl.dir/src/rtde/rtde_package.cpp.o[0m
[10.941s] [ 38%] [32mBuilding CXX object CMakeFiles/urcl.dir/src/rtde/text_message.cpp.o[0m
[10.976s] [ 40%] [32mBuilding CXX object CMakeFiles/urcl.dir/src/rtde/rtde_client.cpp.o[0m
[11.963s] [ 41%] [32mBuilding CXX object CMakeFiles/urcl.dir/src/ur/ur_driver.cpp.o[0m
[12.092s] [ 43%] [32mBuilding CXX object CMakeFiles/urcl.dir/src/ur/calibration_checker.cpp.o[0m
[13.488s] [ 45%] [32mBuilding CXX object CMakeFiles/urcl.dir/src/ur/dashboard_client.cpp.o[0m
[17.635s] [ 46%] [32mBuilding CXX object CMakeFiles/urcl.dir/src/ur/instruction_executor.cpp.o[0m
[17.768s] [ 48%] [32mBuilding CXX object CMakeFiles/urcl.dir/src/ur/tool_communication.cpp.o[0m
[18.949s] [ 50%] [32mBuilding CXX object CMakeFiles/urcl.dir/src/ur/robot_receive_timeout.cpp.o[0m
[19.283s] [ 51%] [32mBuilding CXX object CMakeFiles/urcl.dir/src/ur/version_information.cpp.o[0m
[20.613s] [ 53%] [32mBuilding CXX object CMakeFiles/urcl.dir/src/rtde/rtde_writer.cpp.o[0m
[21.804s] [ 54%] [32mBuilding CXX object CMakeFiles/urcl.dir/src/default_log_handler.cpp.o[0m
[22.876s] [ 56%] [32mBuilding CXX object CMakeFiles/urcl.dir/src/example_robot_wrapper.cpp.o[0m
[23.598s] [ 58%] [32mBuilding CXX object CMakeFiles/urcl.dir/src/log.cpp.o[0m
[24.301s] [ 59%] [32mBuilding CXX object CMakeFiles/urcl.dir/src/helpers.cpp.o[0m
[28.502s] [ 61%] [32m[1mLinking CXX shared library liburcl.so[0m
[28.875s] [ 61%] Built target urcl
[28.986s] [ 62%] [32mBuilding CXX object examples/CMakeFiles/rtde_client_example.dir/rtde_client.cpp.o[0m
[29.006s] [ 64%] [32mBuilding CXX object examples/CMakeFiles/driver_example.dir/full_driver.cpp.o[0m
[29.012s] [ 66%] [32mBuilding CXX object examples/CMakeFiles/primary_pipeline_calibration_example.dir/primary_pipeline_calibration.cpp.o[0m
[29.032s] [ 67%] [32mBuilding CXX object examples/CMakeFiles/primary_pipeline_example.dir/primary_pipeline.cpp.o[0m
[31.389s] [ 69%] [32m[1mLinking CXX executable rtde_client_example[0m
[31.419s] [ 70%] [32m[1mLinking CXX executable primary_pipeline_calibration_example[0m
[31.648s] [ 70%] Built target rtde_client_example
[31.730s] [ 72%] [32mBuilding CXX object examples/CMakeFiles/dashboard_example.dir/dashboard_example.cpp.o[0m
[31.866s] [ 72%] Built target primary_pipeline_calibration_example
[32.027s] [ 74%] [32mBuilding CXX object examples/CMakeFiles/spline_example.dir/spline_example.cpp.o[0m
[32.694s] [ 75%] [32m[1mLinking CXX executable driver_example[0m
[32.869s] [ 77%] [32m[1mLinking CXX executable primary_pipeline_example[0m
[33.092s] [ 77%] Built target driver_example
[33.123s] [ 77%] Built target primary_pipeline_example
[33.218s] [ 79%] [32mBuilding CXX object examples/CMakeFiles/tool_contact_example.dir/tool_contact_example.cpp.o[0m
[33.288s] [ 80%] [32mBuilding CXX object examples/CMakeFiles/freedrive_example.dir/freedrive_example.cpp.o[0m
[34.267s] [ 82%] [32m[1mLinking CXX executable dashboard_example[0m
[34.780s] [ 82%] Built target dashboard_example
[34.902s] [ 83%] [32mBuilding CXX object examples/CMakeFiles/force_mode_example.dir/force_mode_example.cpp.o[0m
[36.587s] [ 85%] [32m[1mLinking CXX executable tool_contact_example[0m
[36.772s] [ 87%] [32m[1mLinking CXX executable freedrive_example[0m
[36.940s] [ 87%] Built target tool_contact_example
[37.075s] [ 88%] [32mBuilding CXX object examples/CMakeFiles/script_sender_example.dir/script_sender.cpp.o[0m
[37.087s] [ 88%] Built target freedrive_example
[37.216s] [ 90%] [32mBuilding CXX object examples/CMakeFiles/trajectory_point_interface_example.dir/trajectory_point_interface.cpp.o[0m
[37.480s] [ 91%] [32m[1mLinking CXX executable spline_example[0m
[37.775s] [ 91%] Built target spline_example
[37.907s] [ 93%] [32mBuilding CXX object examples/CMakeFiles/instruction_executor.dir/instruction_executor.cpp.o[0m
[38.374s] [ 95%] [32m[1mLinking CXX executable force_mode_example[0m
[38.586s] [ 95%] Built target force_mode_example
[38.755s] [ 96%] [32m[1mLinking CXX executable script_sender_example[0m
[38.921s] [ 96%] Built target script_sender_example
[39.570s] [ 98%] [32m[1mLinking CXX executable trajectory_point_interface_example[0m
[39.683s] [ 98%] Built target trajectory_point_interface_example
[39.847s] [100%] [32m[1mLinking CXX executable instruction_executor[0m
[39.941s] [100%] Built target instruction_executor
[39.956s] Invoked command in '/home/jenit/ur_ws/build/ur_client_library' returned '0': CMAKE_PREFIX_PATH=${CMAKE_PREFIX_PATH}:/home/jenit/ros2_humble/install/rqt_bag_plugins:/home/jenit/ros2_humble/install/rqt_bag:/home/jenit/ros2_humble/install/launch_testing_examples:/home/jenit/ros2_humble/install/ros2bag:/home/jenit/ros2_humble/install/tracetools_test:/home/jenit/ros2_humble/install/tracetools_launch:/home/jenit/ros2_humble/install/topic_monitor:/home/jenit/ros2_humble/install/tf2_tools:/home/jenit/ros2_humble/install/examples_tf2_py:/home/jenit/ros2_humble/install/tf2_ros_py:/home/jenit/ros2_humble/install/sros2:/home/jenit/ros2_humble/install/rqt_topic:/home/jenit/ros2_humble/install/rqt_srv:/home/jenit/ros2_humble/install/rqt_shell:/home/jenit/ros2_humble/install/rqt_service_caller:/home/jenit/ros2_humble/install/rqt_reconfigure:/home/jenit/ros2_humble/install/rqt_py_console:/home/jenit/ros2_humble/install/rqt_publisher:/home/jenit/ros2_humble/install/rqt_plot:/home/jenit/ros2_humble/install/rqt_action:/home/jenit/ros2_humble/install/rqt_msg:/home/jenit/ros2_humble/install/rqt_console:/home/jenit/ros2_humble/install/rqt:/home/jenit/ros2_humble/install/rqt_graph:/home/jenit/ros2_humble/install/rqt_gui_py:/home/jenit/ros2_humble/install/rqt_gui:/home/jenit/ros2_humble/install/ros2trace:/home/jenit/ros2_humble/install/ros2topic:/home/jenit/ros2_humble/install/ros2test:/home/jenit/ros2_humble/install/ros2component:/home/jenit/ros2_humble/install/ros2param:/home/jenit/ros2_humble/install/ros2lifecycle:/home/jenit/ros2_humble/install/ros2service:/home/jenit/ros2_humble/install/ros2run:/home/jenit/ros2_humble/install/ros2launch:/home/jenit/ros2_humble/install/ros2pkg:/home/jenit/ros2_humble/install/ros2node:/home/jenit/ros2_humble/install/ros2multicast:/home/jenit/ros2_humble/install/ros2interface:/home/jenit/ros2_humble/install/ros2doctor:/home/jenit/ros2_humble/install/ros2action:/home/jenit/ros2_humble/install/ros2cli:/home/jenit/ros2_humble/install/quality_of_service_demo_py:/home/jenit/ros2_humble/install/lifecycle_py:/home/jenit/ros2_humble/install/launch_testing_ros:/home/jenit/ros2_humble/install/launch_ros:/home/jenit/ros2_humble/install/examples_rclpy_pointcloud_publisher:/home/jenit/ros2_humble/install/examples_rclpy_minimal_subscriber:/home/jenit/ros2_humble/install/examples_rclpy_minimal_service:/home/jenit/ros2_humble/install/examples_rclpy_minimal_publisher:/home/jenit/ros2_humble/install/examples_rclpy_minimal_client:/home/jenit/ros2_humble/install/examples_rclpy_minimal_action_server:/home/jenit/ros2_humble/install/examples_rclpy_minimal_action_client:/home/jenit/ros2_humble/install/examples_rclpy_guard_conditions:/home/jenit/ros2_humble/install/examples_rclpy_executors:/home/jenit/ros2_humble/install/demo_nodes_py:/home/jenit/ros2_humble/install/camera_info_manager_py:/home/jenit/ros2_humble/install/action_tutorials_py:/home/jenit/ros2_humble/install/ament_uncrustify:/home/jenit/ros2_humble/install/tracetools_trace:/home/jenit/ros2_humble/install/tracetools_read:/home/jenit/ros2_humble/install/test_tracetools_launch:/home/jenit/ros2_humble/install/test_launch_ros:/home/jenit/ros2_humble/install/sensor_msgs_py:/home/jenit/ros2_humble/install/rpyutils:/home/jenit/ros2_humble/install/rosidl_runtime_py:/home/jenit/ros2_humble/install/rosidl_cli:/home/jenit/ros2_humble/install/launch_pytest:/home/jenit/ros2_humble/install/launch_testing:/home/jenit/ros2_humble/install/launch_yaml:/home/jenit/ros2_humble/install/launch_xml:/home/jenit/ros2_humble/install/launch:/home/jenit/ros2_humble/install/osrf_pycommon:/home/jenit/ros2_humble/install/domain_coordinator:/home/jenit/ros2_humble/install/ament_xmllint:/home/jenit/ros2_humble/install/ament_pyflakes:/home/jenit/ros2_humble/install/ament_pycodestyle:/home/jenit/ros2_humble/install/ament_pep257:/home/jenit/ros2_humble/install/ament_pclint:/home/jenit/ros2_humble/install/ament_package:/home/jenit/ros2_humble/install/ament_mypy:/home/jenit/ros2_humble/install/ament_lint_cmake:/home/jenit/ros2_humble/install/ament_flake8:/home/jenit/ros2_humble/install/ament_copyright:/home/jenit/ros2_humble/install/ament_lint:/home/jenit/ros2_humble/install/ament_index_python:/home/jenit/ros2_humble/install/ament_cpplint:/home/jenit/ros2_humble/install/ament_cppcheck:/home/jenit/ros2_humble/install/ament_clang_tidy:/home/jenit/ros2_humble/install/ament_clang_format /usr/bin/cmake --build /home/jenit/ur_ws/build/ur_client_library -- -j4 -l4
[39.958s] Invoking command in '/home/jenit/ur_ws/build/ur_client_library': CMAKE_PREFIX_PATH=${CMAKE_PREFIX_PATH}:/home/jenit/ros2_humble/install/rqt_bag_plugins:/home/jenit/ros2_humble/install/rqt_bag:/home/jenit/ros2_humble/install/launch_testing_examples:/home/jenit/ros2_humble/install/ros2bag:/home/jenit/ros2_humble/install/tracetools_test:/home/jenit/ros2_humble/install/tracetools_launch:/home/jenit/ros2_humble/install/topic_monitor:/home/jenit/ros2_humble/install/tf2_tools:/home/jenit/ros2_humble/install/examples_tf2_py:/home/jenit/ros2_humble/install/tf2_ros_py:/home/jenit/ros2_humble/install/sros2:/home/jenit/ros2_humble/install/rqt_topic:/home/jenit/ros2_humble/install/rqt_srv:/home/jenit/ros2_humble/install/rqt_shell:/home/jenit/ros2_humble/install/rqt_service_caller:/home/jenit/ros2_humble/install/rqt_reconfigure:/home/jenit/ros2_humble/install/rqt_py_console:/home/jenit/ros2_humble/install/rqt_publisher:/home/jenit/ros2_humble/install/rqt_plot:/home/jenit/ros2_humble/install/rqt_action:/home/jenit/ros2_humble/install/rqt_msg:/home/jenit/ros2_humble/install/rqt_console:/home/jenit/ros2_humble/install/rqt:/home/jenit/ros2_humble/install/rqt_graph:/home/jenit/ros2_humble/install/rqt_gui_py:/home/jenit/ros2_humble/install/rqt_gui:/home/jenit/ros2_humble/install/ros2trace:/home/jenit/ros2_humble/install/ros2topic:/home/jenit/ros2_humble/install/ros2test:/home/jenit/ros2_humble/install/ros2component:/home/jenit/ros2_humble/install/ros2param:/home/jenit/ros2_humble/install/ros2lifecycle:/home/jenit/ros2_humble/install/ros2service:/home/jenit/ros2_humble/install/ros2run:/home/jenit/ros2_humble/install/ros2launch:/home/jenit/ros2_humble/install/ros2pkg:/home/jenit/ros2_humble/install/ros2node:/home/jenit/ros2_humble/install/ros2multicast:/home/jenit/ros2_humble/install/ros2interface:/home/jenit/ros2_humble/install/ros2doctor:/home/jenit/ros2_humble/install/ros2action:/home/jenit/ros2_humble/install/ros2cli:/home/jenit/ros2_humble/install/quality_of_service_demo_py:/home/jenit/ros2_humble/install/lifecycle_py:/home/jenit/ros2_humble/install/launch_testing_ros:/home/jenit/ros2_humble/install/launch_ros:/home/jenit/ros2_humble/install/examples_rclpy_pointcloud_publisher:/home/jenit/ros2_humble/install/examples_rclpy_minimal_subscriber:/home/jenit/ros2_humble/install/examples_rclpy_minimal_service:/home/jenit/ros2_humble/install/examples_rclpy_minimal_publisher:/home/jenit/ros2_humble/install/examples_rclpy_minimal_client:/home/jenit/ros2_humble/install/examples_rclpy_minimal_action_server:/home/jenit/ros2_humble/install/examples_rclpy_minimal_action_client:/home/jenit/ros2_humble/install/examples_rclpy_guard_conditions:/home/jenit/ros2_humble/install/examples_rclpy_executors:/home/jenit/ros2_humble/install/demo_nodes_py:/home/jenit/ros2_humble/install/camera_info_manager_py:/home/jenit/ros2_humble/install/action_tutorials_py:/home/jenit/ros2_humble/install/ament_uncrustify:/home/jenit/ros2_humble/install/tracetools_trace:/home/jenit/ros2_humble/install/tracetools_read:/home/jenit/ros2_humble/install/test_tracetools_launch:/home/jenit/ros2_humble/install/test_launch_ros:/home/jenit/ros2_humble/install/sensor_msgs_py:/home/jenit/ros2_humble/install/rpyutils:/home/jenit/ros2_humble/install/rosidl_runtime_py:/home/jenit/ros2_humble/install/rosidl_cli:/home/jenit/ros2_humble/install/launch_pytest:/home/jenit/ros2_humble/install/launch_testing:/home/jenit/ros2_humble/install/launch_yaml:/home/jenit/ros2_humble/install/launch_xml:/home/jenit/ros2_humble/install/launch:/home/jenit/ros2_humble/install/osrf_pycommon:/home/jenit/ros2_humble/install/domain_coordinator:/home/jenit/ros2_humble/install/ament_xmllint:/home/jenit/ros2_humble/install/ament_pyflakes:/home/jenit/ros2_humble/install/ament_pycodestyle:/home/jenit/ros2_humble/install/ament_pep257:/home/jenit/ros2_humble/install/ament_pclint:/home/jenit/ros2_humble/install/ament_package:/home/jenit/ros2_humble/install/ament_mypy:/home/jenit/ros2_humble/install/ament_lint_cmake:/home/jenit/ros2_humble/install/ament_flake8:/home/jenit/ros2_humble/install/ament_copyright:/home/jenit/ros2_humble/install/ament_lint:/home/jenit/ros2_humble/install/ament_index_python:/home/jenit/ros2_humble/install/ament_cpplint:/home/jenit/ros2_humble/install/ament_cppcheck:/home/jenit/ros2_humble/install/ament_clang_tidy:/home/jenit/ros2_humble/install/ament_clang_format /usr/bin/cmake --install /home/jenit/ur_ws/build/ur_client_library
[39.969s] -- Install configuration: "RelWithDebInfo"
[39.969s] -- Installing: /home/jenit/ur_ws/install/ur_client_library/lib/liburcl.so
[39.977s] -- Installing: /home/jenit/ur_ws/install/ur_client_library/include
[39.977s] -- Installing: /home/jenit/ur_ws/install/ur_client_library/include/ur_client_library
[39.977s] -- Installing: /home/jenit/ur_ws/install/ur_client_library/include/ur_client_library/queue
[39.977s] -- Installing: /home/jenit/ur_ws/install/ur_client_library/include/ur_client_library/queue/readerwriterqueue.h
[39.977s] -- Installing: /home/jenit/ur_ws/install/ur_client_library/include/ur_client_library/queue/atomicops.h
[39.977s] -- Installing: /home/jenit/ur_ws/install/ur_client_library/include/ur_client_library/queue/.clang-tidy
[39.977s] -- Installing: /home/jenit/ur_ws/install/ur_client_library/include/ur_client_library/queue/LICENSE.md
[39.977s] -- Installing: /home/jenit/ur_ws/install/ur_client_library/include/ur_client_library/ur
[39.977s] -- Installing: /home/jenit/ur_ws/install/ur_client_library/include/ur_client_library/ur/calibration_checker.h
[39.978s] -- Installing: /home/jenit/ur_ws/install/ur_client_library/include/ur_client_library/ur/datatypes.h
[39.978s] -- Installing: /home/jenit/ur_ws/install/ur_client_library/include/ur_client_library/ur/instruction_executor.h
[39.978s] -- Installing: /home/jenit/ur_ws/install/ur_client_library/include/ur_client_library/ur/version_information.h
[39.978s] -- Installing: /home/jenit/ur_ws/install/ur_client_library/include/ur_client_library/ur/dashboard_client.h
[39.978s] -- Installing: /home/jenit/ur_ws/install/ur_client_library/include/ur_client_library/ur/ur_driver.h
[39.978s] -- Installing: /home/jenit/ur_ws/install/ur_client_library/include/ur_client_library/ur/tool_communication.h
[39.978s] -- Installing: /home/jenit/ur_ws/install/ur_client_library/include/ur_client_library/ur/robot_receive_timeout.h
[39.978s] -- Installing: /home/jenit/ur_ws/install/ur_client_library/include/ur_client_library/default_log_handler.h
[39.978s] -- Installing: /home/jenit/ur_ws/install/ur_client_library/include/ur_client_library/helpers.h
[39.978s] -- Installing: /home/jenit/ur_ws/install/ur_client_library/include/ur_client_library/types.h
[39.978s] -- Installing: /home/jenit/ur_ws/install/ur_client_library/include/ur_client_library/rtde
[39.978s] -- Installing: /home/jenit/ur_ws/install/ur_client_library/include/ur_client_library/rtde/rtde_parser.h
[39.978s] -- Installing: /home/jenit/ur_ws/install/ur_client_library/include/ur_client_library/rtde/control_package_setup_inputs.h
[39.979s] -- Installing: /home/jenit/ur_ws/install/ur_client_library/include/ur_client_library/rtde/control_package_setup_outputs.h
[39.979s] -- Installing: /home/jenit/ur_ws/install/ur_client_library/include/ur_client_library/rtde/rtde_package.h
[39.979s] -- Installing: /home/jenit/ur_ws/install/ur_client_library/include/ur_client_library/rtde/rtde_client.h
[39.979s] -- Installing: /home/jenit/ur_ws/install/ur_client_library/include/ur_client_library/rtde/control_package_pause.h
[39.979s] -- Installing: /home/jenit/ur_ws/install/ur_client_library/include/ur_client_library/rtde/text_message.h
[39.979s] -- Installing: /home/jenit/ur_ws/install/ur_client_library/include/ur_client_library/rtde/rtde_writer.h
[39.979s] -- Installing: /home/jenit/ur_ws/install/ur_client_library/include/ur_client_library/rtde/.clang-tidy
[39.979s] -- Installing: /home/jenit/ur_ws/install/ur_client_library/include/ur_client_library/rtde/control_package_start.h
[39.979s] -- Installing: /home/jenit/ur_ws/install/ur_client_library/include/ur_client_library/rtde/request_protocol_version.h
[39.979s] -- Installing: /home/jenit/ur_ws/install/ur_client_library/include/ur_client_library/rtde/package_header.h
[39.979s] -- Installing: /home/jenit/ur_ws/install/ur_client_library/include/ur_client_library/rtde/get_urcontrol_version.h
[39.979s] -- Installing: /home/jenit/ur_ws/install/ur_client_library/include/ur_client_library/rtde/data_package.h
[39.979s] -- Installing: /home/jenit/ur_ws/install/ur_client_library/include/ur_client_library/comm
[39.980s] -- Installing: /home/jenit/ur_ws/install/ur_client_library/include/ur_client_library/comm/shell_consumer.h
[39.980s] -- Installing: /home/jenit/ur_ws/install/ur_client_library/include/ur_client_library/comm/bin_parser.h
[39.980s] -- Installing: /home/jenit/ur_ws/install/ur_client_library/include/ur_client_library/comm/tcp_server.h
[39.980s] -- Installing: /home/jenit/ur_ws/install/ur_client_library/include/ur_client_library/comm/parser.h
[39.980s] -- Installing: /home/jenit/ur_ws/install/ur_client_library/include/ur_client_library/comm/package_serializer.h
[39.980s] -- Installing: /home/jenit/ur_ws/install/ur_client_library/include/ur_client_library/comm/pipeline.h
[39.980s] -- Installing: /home/jenit/ur_ws/install/ur_client_library/include/ur_client_library/comm/tcp_socket.h
[39.980s] -- Installing: /home/jenit/ur_ws/install/ur_client_library/include/ur_client_library/comm/socket_t.h
[39.980s] -- Installing: /home/jenit/ur_ws/install/ur_client_library/include/ur_client_library/comm/stream.h
[39.980s] -- Installing: /home/jenit/ur_ws/install/ur_client_library/include/ur_client_library/comm/control_mode.h
[39.980s] -- Installing: /home/jenit/ur_ws/install/ur_client_library/include/ur_client_library/comm/package.h
[39.980s] -- Installing: /home/jenit/ur_ws/install/ur_client_library/include/ur_client_library/comm/producer.h
[39.980s] -- Installing: /home/jenit/ur_ws/install/ur_client_library/include/ur_client_library/primary
[39.980s] -- Installing: /home/jenit/ur_ws/install/ur_client_library/include/ur_client_library/primary/primary_consumer.h
[39.981s] -- Installing: /home/jenit/ur_ws/install/ur_client_library/include/ur_client_library/primary/robot_state
[39.981s] -- Installing: /home/jenit/ur_ws/install/ur_client_library/include/ur_client_library/primary/robot_state/configuration_data.h
[39.981s] -- Installing: /home/jenit/ur_ws/install/ur_client_library/include/ur_client_library/primary/robot_state/robot_mode_data.h
[39.981s] -- Installing: /home/jenit/ur_ws/install/ur_client_library/include/ur_client_library/primary/robot_state/kinematics_info.h
[39.981s] -- Installing: /home/jenit/ur_ws/install/ur_client_library/include/ur_client_library/primary/robot_message
[39.981s] -- Installing: /home/jenit/ur_ws/install/ur_client_library/include/ur_client_library/primary/robot_message/error_code_message.h
[39.981s] -- Installing: /home/jenit/ur_ws/install/ur_client_library/include/ur_client_library/primary/robot_message/version_message.h
[39.981s] -- Installing: /home/jenit/ur_ws/install/ur_client_library/include/ur_client_library/primary/primary_client.h
[39.981s] -- Installing: /home/jenit/ur_ws/install/ur_client_library/include/ur_client_library/primary/.clang-tidy
[39.981s] -- Installing: /home/jenit/ur_ws/install/ur_client_library/include/ur_client_library/primary/robot_message.h
[39.981s] -- Installing: /home/jenit/ur_ws/install/ur_client_library/include/ur_client_library/primary/abstract_primary_consumer.h
[39.981s] -- Installing: /home/jenit/ur_ws/install/ur_client_library/include/ur_client_library/primary/primary_package.h
[39.981s] -- Installing: /home/jenit/ur_ws/install/ur_client_library/include/ur_client_library/primary/package_header.h
[39.981s] -- Installing: /home/jenit/ur_ws/install/ur_client_library/include/ur_client_library/primary/primary_parser.h
[39.981s] -- Installing: /home/jenit/ur_ws/install/ur_client_library/include/ur_client_library/primary/robot_state.h
[39.982s] -- Installing: /home/jenit/ur_ws/install/ur_client_library/include/ur_client_library/exceptions.h
[39.982s] -- Installing: /home/jenit/ur_ws/install/ur_client_library/include/ur_client_library/control
[39.982s] -- Installing: /home/jenit/ur_ws/install/ur_client_library/include/ur_client_library/control/reverse_interface.h
[39.982s] -- Installing: /home/jenit/ur_ws/install/ur_client_library/include/ur_client_library/control/trajectory_point_interface.h
[39.982s] -- Installing: /home/jenit/ur_ws/install/ur_client_library/include/ur_client_library/control/script_command_interface.h
[39.982s] -- Installing: /home/jenit/ur_ws/install/ur_client_library/include/ur_client_library/control/motion_primitives.h
[39.982s] -- Installing: /home/jenit/ur_ws/install/ur_client_library/include/ur_client_library/control/script_sender.h
[39.982s] -- Installing: /home/jenit/ur_ws/install/ur_client_library/include/ur_client_library/example_robot_wrapper.h
[39.982s] -- Installing: /home/jenit/ur_ws/install/ur_client_library/include/ur_client_library/log.h
[39.982s] -- Installing: /home/jenit/ur_ws/install/ur_client_library/lib/cmake/ur_client_library/urclTargets.cmake
[39.982s] -- Installing: /home/jenit/ur_ws/install/ur_client_library/lib/cmake/ur_client_library/urclTargets-relwithdebinfo.cmake
[39.982s] -- Installing: /home/jenit/ur_ws/install/ur_client_library/lib/ur_client_library/start_ursim.sh
[39.982s] -- Installing: /home/jenit/ur_ws/install/ur_client_library/lib/cmake/ur_client_library/ur_client_libraryConfig.cmake
[39.982s] -- Installing: /home/jenit/ur_ws/install/ur_client_library/share/ur_client_library/package.xml
[39.983s] -- Installing: /home/jenit/ur_ws/install/ur_client_library/share/ament_index/resource_index/packages/ur_client_library
[39.983s] -- Installing: /home/jenit/ur_ws/install/ur_client_library/share/ur_client_library/hook/ament_prefix_path.dsv
[39.983s] -- Installing: /home/jenit/ur_ws/install/ur_client_library/share/ur_client_library/hook/ros_package_path.dsv
[39.983s] -- Installing: /home/jenit/ur_ws/install/ur_client_library/share/ur_client_library/resources
[39.983s] -- Installing: /home/jenit/ur_ws/install/ur_client_library/share/ur_client_library/resources/external_control.urscript
[39.984s] Invoked command in '/home/jenit/ur_ws/build/ur_client_library' returned '0': CMAKE_PREFIX_PATH=${CMAKE_PREFIX_PATH}:/home/jenit/ros2_humble/install/rqt_bag_plugins:/home/jenit/ros2_humble/install/rqt_bag:/home/jenit/ros2_humble/install/launch_testing_examples:/home/jenit/ros2_humble/install/ros2bag:/home/jenit/ros2_humble/install/tracetools_test:/home/jenit/ros2_humble/install/tracetools_launch:/home/jenit/ros2_humble/install/topic_monitor:/home/jenit/ros2_humble/install/tf2_tools:/home/jenit/ros2_humble/install/examples_tf2_py:/home/jenit/ros2_humble/install/tf2_ros_py:/home/jenit/ros2_humble/install/sros2:/home/jenit/ros2_humble/install/rqt_topic:/home/jenit/ros2_humble/install/rqt_srv:/home/jenit/ros2_humble/install/rqt_shell:/home/jenit/ros2_humble/install/rqt_service_caller:/home/jenit/ros2_humble/install/rqt_reconfigure:/home/jenit/ros2_humble/install/rqt_py_console:/home/jenit/ros2_humble/install/rqt_publisher:/home/jenit/ros2_humble/install/rqt_plot:/home/jenit/ros2_humble/install/rqt_action:/home/jenit/ros2_humble/install/rqt_msg:/home/jenit/ros2_humble/install/rqt_console:/home/jenit/ros2_humble/install/rqt:/home/jenit/ros2_humble/install/rqt_graph:/home/jenit/ros2_humble/install/rqt_gui_py:/home/jenit/ros2_humble/install/rqt_gui:/home/jenit/ros2_humble/install/ros2trace:/home/jenit/ros2_humble/install/ros2topic:/home/jenit/ros2_humble/install/ros2test:/home/jenit/ros2_humble/install/ros2component:/home/jenit/ros2_humble/install/ros2param:/home/jenit/ros2_humble/install/ros2lifecycle:/home/jenit/ros2_humble/install/ros2service:/home/jenit/ros2_humble/install/ros2run:/home/jenit/ros2_humble/install/ros2launch:/home/jenit/ros2_humble/install/ros2pkg:/home/jenit/ros2_humble/install/ros2node:/home/jenit/ros2_humble/install/ros2multicast:/home/jenit/ros2_humble/install/ros2interface:/home/jenit/ros2_humble/install/ros2doctor:/home/jenit/ros2_humble/install/ros2action:/home/jenit/ros2_humble/install/ros2cli:/home/jenit/ros2_humble/install/quality_of_service_demo_py:/home/jenit/ros2_humble/install/lifecycle_py:/home/jenit/ros2_humble/install/launch_testing_ros:/home/jenit/ros2_humble/install/launch_ros:/home/jenit/ros2_humble/install/examples_rclpy_pointcloud_publisher:/home/jenit/ros2_humble/install/examples_rclpy_minimal_subscriber:/home/jenit/ros2_humble/install/examples_rclpy_minimal_service:/home/jenit/ros2_humble/install/examples_rclpy_minimal_publisher:/home/jenit/ros2_humble/install/examples_rclpy_minimal_client:/home/jenit/ros2_humble/install/examples_rclpy_minimal_action_server:/home/jenit/ros2_humble/install/examples_rclpy_minimal_action_client:/home/jenit/ros2_humble/install/examples_rclpy_guard_conditions:/home/jenit/ros2_humble/install/examples_rclpy_executors:/home/jenit/ros2_humble/install/demo_nodes_py:/home/jenit/ros2_humble/install/camera_info_manager_py:/home/jenit/ros2_humble/install/action_tutorials_py:/home/jenit/ros2_humble/install/ament_uncrustify:/home/jenit/ros2_humble/install/tracetools_trace:/home/jenit/ros2_humble/install/tracetools_read:/home/jenit/ros2_humble/install/test_tracetools_launch:/home/jenit/ros2_humble/install/test_launch_ros:/home/jenit/ros2_humble/install/sensor_msgs_py:/home/jenit/ros2_humble/install/rpyutils:/home/jenit/ros2_humble/install/rosidl_runtime_py:/home/jenit/ros2_humble/install/rosidl_cli:/home/jenit/ros2_humble/install/launch_pytest:/home/jenit/ros2_humble/install/launch_testing:/home/jenit/ros2_humble/install/launch_yaml:/home/jenit/ros2_humble/install/launch_xml:/home/jenit/ros2_humble/install/launch:/home/jenit/ros2_humble/install/osrf_pycommon:/home/jenit/ros2_humble/install/domain_coordinator:/home/jenit/ros2_humble/install/ament_xmllint:/home/jenit/ros2_humble/install/ament_pyflakes:/home/jenit/ros2_humble/install/ament_pycodestyle:/home/jenit/ros2_humble/install/ament_pep257:/home/jenit/ros2_humble/install/ament_pclint:/home/jenit/ros2_humble/install/ament_package:/home/jenit/ros2_humble/install/ament_mypy:/home/jenit/ros2_humble/install/ament_lint_cmake:/home/jenit/ros2_humble/install/ament_flake8:/home/jenit/ros2_humble/install/ament_copyright:/home/jenit/ros2_humble/install/ament_lint:/home/jenit/ros2_humble/install/ament_index_python:/home/jenit/ros2_humble/install/ament_cpplint:/home/jenit/ros2_humble/install/ament_cppcheck:/home/jenit/ros2_humble/install/ament_clang_tidy:/home/jenit/ros2_humble/install/ament_clang_format /usr/bin/cmake --install /home/jenit/ur_ws/build/ur_client_library
