-- The C compiler identification is GNU 11.4.0
-- The CXX compiler identification is GNU 11.4.0
-- Detecting C compiler ABI info
-- Detecting C compiler ABI info - done
-- Check for working C compiler: /usr/bin/cc - skipped
-- Detecting C compile features
-- Detecting C compile features - done
-- Detecting CXX compiler ABI info
-- Detecting CXX compiler ABI info - done
-- Check for working CXX compiler: /usr/bin/c++ - skipped
-- Detecting CXX compile features
-- Detecting CXX compile features - done
-- Found ament_cmake: 1.3.11 (/home/jenit/ros2_humble/install/ament_cmake/share/ament_cmake/cmake)
-- Found Python3: /usr/bin/python3 (found version "3.10.12") found components: Interpreter 
-- Override CMake install command with custom implementation using symlinks instead of copying resources
-- Found rclcpp: 16.0.12 (/home/jenit/ros2_humble/install/rclcpp/share/rclcpp/cmake)
-- Found rosidl_generator_c: 3.1.6 (/home/jenit/ros2_humble/install/rosidl_generator_c/share/rosidl_generator_c/cmake)
-- Found rosidl_adapter: 3.1.6 (/home/jenit/ros2_humble/install/rosidl_adapter/share/rosidl_adapter/cmake)
-- Found rosidl_generator_cpp: 3.1.6 (/home/jenit/ros2_humble/install/rosidl_generator_cpp/share/rosidl_generator_cpp/cmake)
-- Using all available rosidl_typesupport_c: rosidl_typesupport_fastrtps_c;rosidl_typesupport_introspection_c
-- Using all available rosidl_typesupport_cpp: rosidl_typesupport_fastrtps_cpp;rosidl_typesupport_introspection_cpp
-- Found rmw_implementation_cmake: 6.1.2 (/home/jenit/ros2_humble/install/rmw_implementation_cmake/share/rmw_implementation_cmake/cmake)
-- Found rmw_fastrtps_cpp: 6.2.7 (/home/jenit/ros2_humble/install/rmw_fastrtps_cpp/share/rmw_fastrtps_cpp/cmake)
-- Found OpenSSL: /usr/lib/x86_64-linux-gnu/libcrypto.so (found version "3.0.2")  
-- Found FastRTPS: /home/jenit/ros2_humble/install/fastrtps/include  
-- Using RMW implementation 'rmw_fastrtps_cpp' as default
-- Looking for pthread.h
-- Looking for pthread.h - found
-- Performing Test CMAKE_HAVE_LIBC_PTHREAD
-- Performing Test CMAKE_HAVE_LIBC_PTHREAD - Success
-- Found Threads: TRUE  
-- Found ur_robot_driver: 2.8.0 (/home/jenit/ur_ws/install/ur_robot_driver/share/ur_robot_driver/cmake)
-- Found eigen3_cmake_module: 0.1.1 (/home/jenit/ros2_humble/install/eigen3_cmake_module/share/eigen3_cmake_module/cmake)
-- Found Eigen3: TRUE (found version "3.4.0") 
-- Ensuring Eigen3 include directory is part of orocos-kdl CMake target
-- Found yaml_cpp_vendor: 8.0.2 (/home/jenit/ros2_humble/install/yaml_cpp_vendor/share/yaml_cpp_vendor/cmake)
-- Found ament_cmake_gmock: 1.3.11 (/home/jenit/ros2_humble/install/ament_cmake_gmock/share/ament_cmake_gmock/cmake)
-- Found gmock sources under '/home/jenit/ros2_humble/install/gmock_vendor/src/gmock_vendor': C++ tests using 'Google Mock' will be built
-- Found ament_cmake_gtest: 1.3.11 (/home/jenit/ros2_humble/install/ament_cmake_gtest/share/ament_cmake_gtest/cmake)
-- Found gtest sources under '/home/jenit/ros2_humble/install/gtest_vendor/src/gtest_vendor': C++ tests using 'Google Test' will be built
-- Configuring done
-- Generating done
-- Build files have been written to: /home/jenit/ur_ws/build/ur_calibration
[  8%] [32mBuilding CXX object gmock/CMakeFiles/gmock_main.dir/src/gmock_main.cc.o[0m
[ 33%] [32mBuilding CXX object gmock/CMakeFiles/gmock.dir/home/jenit/ros2_humble/install/gtest_vendor/src/gtest_vendor/src/gtest-all.cc.o[0m
[ 33%] [32mBuilding CXX object CMakeFiles/calibration.dir/src/calibration.cpp.o[0m
[ 33%] [32mBuilding CXX object CMakeFiles/calibration.dir/src/calibration_consumer.cpp.o[0m
[ 41%] [32m[1mLinking CXX static library libgmock_main.a[0m
[ 41%] Built target gmock_main
[ 50%] [32mBuilding CXX object gmock/CMakeFiles/gmock.dir/src/gmock-all.cc.o[0m
[ 58%] [32m[1mLinking CXX static library libcalibration.a[0m
[ 58%] Built target calibration
[ 66%] [32mBuilding CXX object CMakeFiles/calibration_correction.dir/src/calibration_correction.cpp.o[0m
[ 75%] [32m[1mLinking CXX static library libgmock.a[0m
[ 75%] Built target gmock
[ 83%] [32mBuilding CXX object CMakeFiles/calibration_test.dir/test/calibration_test.cpp.o[0m
[ 91%] [32m[1mLinking CXX executable calibration_correction[0m
[ 91%] Built target calibration_correction
[100%] [32m[1mLinking CXX executable calibration_test[0m
[100%] Built target calibration_test
-- Install configuration: "RelWithDebInfo"
-- Execute custom install script
-- Symlinking: /home/jenit/ur_ws/install/ur_calibration/lib/ur_calibration/calibration_correction
-- Symlinking: /home/jenit/ur_ws/install/ur_calibration/include/ur_calibration/calibration.hpp
-- Symlinking: /home/jenit/ur_ws/install/ur_calibration/include/ur_calibration/calibration_consumer.hpp
-- Symlinking: /home/jenit/ur_ws/install/ur_calibration/share/ur_calibration/launch/calibration_correction.launch.py
-- Symlinking: /home/jenit/ur_ws/install/ur_calibration/share/ament_index/resource_index/package_run_dependencies/ur_calibration
-- Symlinking: /home/jenit/ur_ws/install/ur_calibration/share/ament_index/resource_index/parent_prefix_path/ur_calibration
-- Symlinking: /home/jenit/ur_ws/install/ur_calibration/share/ur_calibration/environment/ament_prefix_path.sh
-- Symlinking: /home/jenit/ur_ws/install/ur_calibration/share/ur_calibration/environment/ament_prefix_path.dsv
-- Symlinking: /home/jenit/ur_ws/install/ur_calibration/share/ur_calibration/environment/path.sh
-- Symlinking: /home/jenit/ur_ws/install/ur_calibration/share/ur_calibration/environment/path.dsv
-- Symlinking: /home/jenit/ur_ws/install/ur_calibration/share/ur_calibration/local_setup.bash
-- Symlinking: /home/jenit/ur_ws/install/ur_calibration/share/ur_calibration/local_setup.sh
-- Symlinking: /home/jenit/ur_ws/install/ur_calibration/share/ur_calibration/local_setup.zsh
-- Symlinking: /home/jenit/ur_ws/install/ur_calibration/share/ur_calibration/local_setup.dsv
-- Symlinking: /home/jenit/ur_ws/install/ur_calibration/share/ur_calibration/package.dsv
-- Symlinking: /home/jenit/ur_ws/install/ur_calibration/share/ament_index/resource_index/packages/ur_calibration
-- Symlinking: /home/jenit/ur_ws/install/ur_calibration/share/ur_calibration/cmake/ament_cmake_export_include_directories-extras.cmake
-- Symlinking: /home/jenit/ur_ws/install/ur_calibration/share/ur_calibration/cmake/ament_cmake_export_dependencies-extras.cmake
-- Symlinking: /home/jenit/ur_ws/install/ur_calibration/share/ur_calibration/cmake/ur_calibrationConfig.cmake
-- Symlinking: /home/jenit/ur_ws/install/ur_calibration/share/ur_calibration/cmake/ur_calibrationConfig-version.cmake
-- Symlinking: /home/jenit/ur_ws/install/ur_calibration/share/ur_calibration/package.xml
