[0.053s] Invoking command in '/home/jenit/ur_ws/build/ur_description': CMAKE_PREFIX_PATH=${CMAKE_PREFIX_PATH}:/home/jenit/ws_moveit/install/moveit_configs_utils:/home/jenit/ws_moveit/install/launch_param_builder:/opt/ros/humble:/home/jenit/ros2_humble/install/rqt_bag_plugins:/home/jenit/ros2_humble/install/rqt_bag:/home/jenit/ros2_humble/install/launch_testing_examples:/home/jenit/ros2_humble/install/ros2bag:/home/jenit/ros2_humble/install/tracetools_test:/home/jenit/ros2_humble/install/tracetools_launch:/home/jenit/ros2_humble/install/topic_monitor:/home/jenit/ros2_humble/install/tf2_tools:/home/jenit/ros2_humble/install/examples_tf2_py:/home/jenit/ros2_humble/install/tf2_ros_py:/home/jenit/ros2_humble/install/sros2:/home/jenit/ros2_humble/install/rqt_topic:/home/jenit/ros2_humble/install/rqt_srv:/home/jenit/ros2_humble/install/rqt_shell:/home/jenit/ros2_humble/install/rqt_service_caller:/home/jenit/ros2_humble/install/rqt_reconfigure:/home/jenit/ros2_humble/install/rqt_py_console:/home/jenit/ros2_humble/install/rqt_publisher:/home/jenit/ros2_humble/install/rqt_plot:/home/jenit/ros2_humble/install/rqt_action:/home/jenit/ros2_humble/install/rqt_msg:/home/jenit/ros2_humble/install/rqt_console:/home/jenit/ros2_humble/install/rqt:/home/jenit/ros2_humble/install/rqt_graph:/home/jenit/ros2_humble/install/rqt_gui_py:/home/jenit/ros2_humble/install/rqt_gui:/home/jenit/ros2_humble/install/ros2trace:/home/jenit/ros2_humble/install/ros2topic:/home/jenit/ros2_humble/install/ros2test:/home/jenit/ros2_humble/install/ros2component:/home/jenit/ros2_humble/install/ros2param:/home/jenit/ros2_humble/install/ros2lifecycle:/home/jenit/ros2_humble/install/ros2service:/home/jenit/ros2_humble/install/ros2run:/home/jenit/ros2_humble/install/ros2launch:/home/jenit/ros2_humble/install/ros2pkg:/home/jenit/ros2_humble/install/ros2node:/home/jenit/ros2_humble/install/ros2multicast:/home/jenit/ros2_humble/install/ros2interface:/home/jenit/ros2_humble/install/ros2doctor:/home/jenit/ros2_humble/install/ros2action:/home/jenit/ros2_humble/install/ros2cli:/home/jenit/ros2_humble/install/quality_of_service_demo_py:/home/jenit/ros2_humble/install/lifecycle_py:/home/jenit/ros2_humble/install/launch_testing_ros:/home/jenit/ros2_humble/install/launch_ros:/home/jenit/ros2_humble/install/examples_rclpy_pointcloud_publisher:/home/jenit/ros2_humble/install/examples_rclpy_minimal_subscriber:/home/jenit/ros2_humble/install/examples_rclpy_minimal_service:/home/jenit/ros2_humble/install/examples_rclpy_minimal_publisher:/home/jenit/ros2_humble/install/examples_rclpy_minimal_client:/home/jenit/ros2_humble/install/examples_rclpy_minimal_action_server:/home/jenit/ros2_humble/install/examples_rclpy_minimal_action_client:/home/jenit/ros2_humble/install/examples_rclpy_guard_conditions:/home/jenit/ros2_humble/install/examples_rclpy_executors:/home/jenit/ros2_humble/install/demo_nodes_py:/home/jenit/ros2_humble/install/camera_info_manager_py:/home/jenit/ros2_humble/install/action_tutorials_py:/home/jenit/ros2_humble/install/ament_uncrustify:/home/jenit/ros2_humble/install/tracetools_trace:/home/jenit/ros2_humble/install/tracetools_read:/home/jenit/ros2_humble/install/test_tracetools_launch:/home/jenit/ros2_humble/install/test_launch_ros:/home/jenit/ros2_humble/install/sensor_msgs_py:/home/jenit/ros2_humble/install/rpyutils:/home/jenit/ros2_humble/install/rosidl_runtime_py:/home/jenit/ros2_humble/install/rosidl_cli:/home/jenit/ros2_humble/install/launch_pytest:/home/jenit/ros2_humble/install/launch_testing:/home/jenit/ros2_humble/install/launch_yaml:/home/jenit/ros2_humble/install/launch_xml:/home/jenit/ros2_humble/install/launch:/home/jenit/ros2_humble/install/osrf_pycommon:/home/jenit/ros2_humble/install/domain_coordinator:/home/jenit/ros2_humble/install/ament_xmllint:/home/jenit/ros2_humble/install/ament_pyflakes:/home/jenit/ros2_humble/install/ament_pycodestyle:/home/jenit/ros2_humble/install/ament_pep257:/home/jenit/ros2_humble/install/ament_pclint:/home/jenit/ros2_humble/install/ament_package:/home/jenit/ros2_humble/install/ament_mypy:/home/jenit/ros2_humble/install/ament_lint_cmake:/home/jenit/ros2_humble/install/ament_flake8:/home/jenit/ros2_humble/install/ament_copyright:/home/jenit/ros2_humble/install/ament_lint:/home/jenit/ros2_humble/install/ament_index_python:/home/jenit/ros2_humble/install/ament_cpplint:/home/jenit/ros2_humble/install/ament_cppcheck:/home/jenit/ros2_humble/install/ament_clang_tidy:/home/jenit/ros2_humble/install/ament_clang_format /usr/bin/cmake --build /home/jenit/ur_ws/build/ur_description -- -j4 -l4
[0.165s] Invoked command in '/home/jenit/ur_ws/build/ur_description' returned '0': CMAKE_PREFIX_PATH=${CMAKE_PREFIX_PATH}:/home/jenit/ws_moveit/install/moveit_configs_utils:/home/jenit/ws_moveit/install/launch_param_builder:/opt/ros/humble:/home/jenit/ros2_humble/install/rqt_bag_plugins:/home/jenit/ros2_humble/install/rqt_bag:/home/jenit/ros2_humble/install/launch_testing_examples:/home/jenit/ros2_humble/install/ros2bag:/home/jenit/ros2_humble/install/tracetools_test:/home/jenit/ros2_humble/install/tracetools_launch:/home/jenit/ros2_humble/install/topic_monitor:/home/jenit/ros2_humble/install/tf2_tools:/home/jenit/ros2_humble/install/examples_tf2_py:/home/jenit/ros2_humble/install/tf2_ros_py:/home/jenit/ros2_humble/install/sros2:/home/jenit/ros2_humble/install/rqt_topic:/home/jenit/ros2_humble/install/rqt_srv:/home/jenit/ros2_humble/install/rqt_shell:/home/jenit/ros2_humble/install/rqt_service_caller:/home/jenit/ros2_humble/install/rqt_reconfigure:/home/jenit/ros2_humble/install/rqt_py_console:/home/jenit/ros2_humble/install/rqt_publisher:/home/jenit/ros2_humble/install/rqt_plot:/home/jenit/ros2_humble/install/rqt_action:/home/jenit/ros2_humble/install/rqt_msg:/home/jenit/ros2_humble/install/rqt_console:/home/jenit/ros2_humble/install/rqt:/home/jenit/ros2_humble/install/rqt_graph:/home/jenit/ros2_humble/install/rqt_gui_py:/home/jenit/ros2_humble/install/rqt_gui:/home/jenit/ros2_humble/install/ros2trace:/home/jenit/ros2_humble/install/ros2topic:/home/jenit/ros2_humble/install/ros2test:/home/jenit/ros2_humble/install/ros2component:/home/jenit/ros2_humble/install/ros2param:/home/jenit/ros2_humble/install/ros2lifecycle:/home/jenit/ros2_humble/install/ros2service:/home/jenit/ros2_humble/install/ros2run:/home/jenit/ros2_humble/install/ros2launch:/home/jenit/ros2_humble/install/ros2pkg:/home/jenit/ros2_humble/install/ros2node:/home/jenit/ros2_humble/install/ros2multicast:/home/jenit/ros2_humble/install/ros2interface:/home/jenit/ros2_humble/install/ros2doctor:/home/jenit/ros2_humble/install/ros2action:/home/jenit/ros2_humble/install/ros2cli:/home/jenit/ros2_humble/install/quality_of_service_demo_py:/home/jenit/ros2_humble/install/lifecycle_py:/home/jenit/ros2_humble/install/launch_testing_ros:/home/jenit/ros2_humble/install/launch_ros:/home/jenit/ros2_humble/install/examples_rclpy_pointcloud_publisher:/home/jenit/ros2_humble/install/examples_rclpy_minimal_subscriber:/home/jenit/ros2_humble/install/examples_rclpy_minimal_service:/home/jenit/ros2_humble/install/examples_rclpy_minimal_publisher:/home/jenit/ros2_humble/install/examples_rclpy_minimal_client:/home/jenit/ros2_humble/install/examples_rclpy_minimal_action_server:/home/jenit/ros2_humble/install/examples_rclpy_minimal_action_client:/home/jenit/ros2_humble/install/examples_rclpy_guard_conditions:/home/jenit/ros2_humble/install/examples_rclpy_executors:/home/jenit/ros2_humble/install/demo_nodes_py:/home/jenit/ros2_humble/install/camera_info_manager_py:/home/jenit/ros2_humble/install/action_tutorials_py:/home/jenit/ros2_humble/install/ament_uncrustify:/home/jenit/ros2_humble/install/tracetools_trace:/home/jenit/ros2_humble/install/tracetools_read:/home/jenit/ros2_humble/install/test_tracetools_launch:/home/jenit/ros2_humble/install/test_launch_ros:/home/jenit/ros2_humble/install/sensor_msgs_py:/home/jenit/ros2_humble/install/rpyutils:/home/jenit/ros2_humble/install/rosidl_runtime_py:/home/jenit/ros2_humble/install/rosidl_cli:/home/jenit/ros2_humble/install/launch_pytest:/home/jenit/ros2_humble/install/launch_testing:/home/jenit/ros2_humble/install/launch_yaml:/home/jenit/ros2_humble/install/launch_xml:/home/jenit/ros2_humble/install/launch:/home/jenit/ros2_humble/install/osrf_pycommon:/home/jenit/ros2_humble/install/domain_coordinator:/home/jenit/ros2_humble/install/ament_xmllint:/home/jenit/ros2_humble/install/ament_pyflakes:/home/jenit/ros2_humble/install/ament_pycodestyle:/home/jenit/ros2_humble/install/ament_pep257:/home/jenit/ros2_humble/install/ament_pclint:/home/jenit/ros2_humble/install/ament_package:/home/jenit/ros2_humble/install/ament_mypy:/home/jenit/ros2_humble/install/ament_lint_cmake:/home/jenit/ros2_humble/install/ament_flake8:/home/jenit/ros2_humble/install/ament_copyright:/home/jenit/ros2_humble/install/ament_lint:/home/jenit/ros2_humble/install/ament_index_python:/home/jenit/ros2_humble/install/ament_cpplint:/home/jenit/ros2_humble/install/ament_cppcheck:/home/jenit/ros2_humble/install/ament_clang_tidy:/home/jenit/ros2_humble/install/ament_clang_format /usr/bin/cmake --build /home/jenit/ur_ws/build/ur_description -- -j4 -l4
[0.191s] Invoking command in '/home/jenit/ur_ws/build/ur_description': CMAKE_PREFIX_PATH=${CMAKE_PREFIX_PATH}:/home/jenit/ws_moveit/install/moveit_configs_utils:/home/jenit/ws_moveit/install/launch_param_builder:/opt/ros/humble:/home/jenit/ros2_humble/install/rqt_bag_plugins:/home/jenit/ros2_humble/install/rqt_bag:/home/jenit/ros2_humble/install/launch_testing_examples:/home/jenit/ros2_humble/install/ros2bag:/home/jenit/ros2_humble/install/tracetools_test:/home/jenit/ros2_humble/install/tracetools_launch:/home/jenit/ros2_humble/install/topic_monitor:/home/jenit/ros2_humble/install/tf2_tools:/home/jenit/ros2_humble/install/examples_tf2_py:/home/jenit/ros2_humble/install/tf2_ros_py:/home/jenit/ros2_humble/install/sros2:/home/jenit/ros2_humble/install/rqt_topic:/home/jenit/ros2_humble/install/rqt_srv:/home/jenit/ros2_humble/install/rqt_shell:/home/jenit/ros2_humble/install/rqt_service_caller:/home/jenit/ros2_humble/install/rqt_reconfigure:/home/jenit/ros2_humble/install/rqt_py_console:/home/jenit/ros2_humble/install/rqt_publisher:/home/jenit/ros2_humble/install/rqt_plot:/home/jenit/ros2_humble/install/rqt_action:/home/jenit/ros2_humble/install/rqt_msg:/home/jenit/ros2_humble/install/rqt_console:/home/jenit/ros2_humble/install/rqt:/home/jenit/ros2_humble/install/rqt_graph:/home/jenit/ros2_humble/install/rqt_gui_py:/home/jenit/ros2_humble/install/rqt_gui:/home/jenit/ros2_humble/install/ros2trace:/home/jenit/ros2_humble/install/ros2topic:/home/jenit/ros2_humble/install/ros2test:/home/jenit/ros2_humble/install/ros2component:/home/jenit/ros2_humble/install/ros2param:/home/jenit/ros2_humble/install/ros2lifecycle:/home/jenit/ros2_humble/install/ros2service:/home/jenit/ros2_humble/install/ros2run:/home/jenit/ros2_humble/install/ros2launch:/home/jenit/ros2_humble/install/ros2pkg:/home/jenit/ros2_humble/install/ros2node:/home/jenit/ros2_humble/install/ros2multicast:/home/jenit/ros2_humble/install/ros2interface:/home/jenit/ros2_humble/install/ros2doctor:/home/jenit/ros2_humble/install/ros2action:/home/jenit/ros2_humble/install/ros2cli:/home/jenit/ros2_humble/install/quality_of_service_demo_py:/home/jenit/ros2_humble/install/lifecycle_py:/home/jenit/ros2_humble/install/launch_testing_ros:/home/jenit/ros2_humble/install/launch_ros:/home/jenit/ros2_humble/install/examples_rclpy_pointcloud_publisher:/home/jenit/ros2_humble/install/examples_rclpy_minimal_subscriber:/home/jenit/ros2_humble/install/examples_rclpy_minimal_service:/home/jenit/ros2_humble/install/examples_rclpy_minimal_publisher:/home/jenit/ros2_humble/install/examples_rclpy_minimal_client:/home/jenit/ros2_humble/install/examples_rclpy_minimal_action_server:/home/jenit/ros2_humble/install/examples_rclpy_minimal_action_client:/home/jenit/ros2_humble/install/examples_rclpy_guard_conditions:/home/jenit/ros2_humble/install/examples_rclpy_executors:/home/jenit/ros2_humble/install/demo_nodes_py:/home/jenit/ros2_humble/install/camera_info_manager_py:/home/jenit/ros2_humble/install/action_tutorials_py:/home/jenit/ros2_humble/install/ament_uncrustify:/home/jenit/ros2_humble/install/tracetools_trace:/home/jenit/ros2_humble/install/tracetools_read:/home/jenit/ros2_humble/install/test_tracetools_launch:/home/jenit/ros2_humble/install/test_launch_ros:/home/jenit/ros2_humble/install/sensor_msgs_py:/home/jenit/ros2_humble/install/rpyutils:/home/jenit/ros2_humble/install/rosidl_runtime_py:/home/jenit/ros2_humble/install/rosidl_cli:/home/jenit/ros2_humble/install/launch_pytest:/home/jenit/ros2_humble/install/launch_testing:/home/jenit/ros2_humble/install/launch_yaml:/home/jenit/ros2_humble/install/launch_xml:/home/jenit/ros2_humble/install/launch:/home/jenit/ros2_humble/install/osrf_pycommon:/home/jenit/ros2_humble/install/domain_coordinator:/home/jenit/ros2_humble/install/ament_xmllint:/home/jenit/ros2_humble/install/ament_pyflakes:/home/jenit/ros2_humble/install/ament_pycodestyle:/home/jenit/ros2_humble/install/ament_pep257:/home/jenit/ros2_humble/install/ament_pclint:/home/jenit/ros2_humble/install/ament_package:/home/jenit/ros2_humble/install/ament_mypy:/home/jenit/ros2_humble/install/ament_lint_cmake:/home/jenit/ros2_humble/install/ament_flake8:/home/jenit/ros2_humble/install/ament_copyright:/home/jenit/ros2_humble/install/ament_lint:/home/jenit/ros2_humble/install/ament_index_python:/home/jenit/ros2_humble/install/ament_cpplint:/home/jenit/ros2_humble/install/ament_cppcheck:/home/jenit/ros2_humble/install/ament_clang_tidy:/home/jenit/ros2_humble/install/ament_clang_format /usr/bin/cmake --install /home/jenit/ur_ws/build/ur_description
[0.221s] -- Install configuration: ""
[0.224s] -- Execute custom install script
[0.224s] -- Up-to-date symlink: /home/jenit/ur_ws/install/ur_description/share/ur_description/config/initial_positions.yaml
[0.224s] -- Up-to-date symlink: /home/jenit/ur_ws/install/ur_description/share/ur_description/config/ur10/default_kinematics.yaml
[0.224s] -- Up-to-date symlink: /home/jenit/ur_ws/install/ur_description/share/ur_description/config/ur10/joint_limits.yaml
[0.224s] -- Up-to-date symlink: /home/jenit/ur_ws/install/ur_description/share/ur_description/config/ur10/physical_parameters.yaml
[0.224s] -- Up-to-date symlink: /home/jenit/ur_ws/install/ur_description/share/ur_description/config/ur10/visual_parameters.yaml
[0.224s] -- Up-to-date symlink: /home/jenit/ur_ws/install/ur_description/share/ur_description/config/ur10e/default_kinematics.yaml
[0.224s] -- Up-to-date symlink: /home/jenit/ur_ws/install/ur_description/share/ur_description/config/ur10e/joint_limits.yaml
[0.224s] -- Up-to-date symlink: /home/jenit/ur_ws/install/ur_description/share/ur_description/config/ur10e/physical_parameters.yaml
[0.224s] -- Up-to-date symlink: /home/jenit/ur_ws/install/ur_description/share/ur_description/config/ur10e/visual_parameters.yaml
[0.227s] -- Up-to-date symlink: /home/jenit/ur_ws/install/ur_description/share/ur_description/config/ur12e/default_kinematics.yaml
[0.227s] -- Up-to-date symlink: /home/jenit/ur_ws/install/ur_description/share/ur_description/config/ur12e/joint_limits.yaml
[0.228s] -- Up-to-date symlink: /home/jenit/ur_ws/install/ur_description/share/ur_description/config/ur12e/physical_parameters.yaml
[0.228s] -- Up-to-date symlink: /home/jenit/ur_ws/install/ur_description/share/ur_description/config/ur12e/visual_parameters.yaml
[0.228s] -- Up-to-date symlink: /home/jenit/ur_ws/install/ur_description/share/ur_description/config/ur15/default_kinematics.yaml
[0.228s] -- Up-to-date symlink: /home/jenit/ur_ws/install/ur_description/share/ur_description/config/ur15/joint_limits.yaml
[0.228s] -- Up-to-date symlink: /home/jenit/ur_ws/install/ur_description/share/ur_description/config/ur15/physical_parameters.yaml
[0.228s] -- Up-to-date symlink: /home/jenit/ur_ws/install/ur_description/share/ur_description/config/ur15/visual_parameters.yaml
[0.228s] -- Up-to-date symlink: /home/jenit/ur_ws/install/ur_description/share/ur_description/config/ur16e/default_kinematics.yaml
[0.228s] -- Up-to-date symlink: /home/jenit/ur_ws/install/ur_description/share/ur_description/config/ur16e/joint_limits.yaml
[0.228s] -- Up-to-date symlink: /home/jenit/ur_ws/install/ur_description/share/ur_description/config/ur16e/physical_parameters.yaml
[0.228s] -- Up-to-date symlink: /home/jenit/ur_ws/install/ur_description/share/ur_description/config/ur16e/visual_parameters.yaml
[0.228s] -- Up-to-date symlink: /home/jenit/ur_ws/install/ur_description/share/ur_description/config/ur20/default_kinematics.yaml
[0.228s] -- Up-to-date symlink: /home/jenit/ur_ws/install/ur_description/share/ur_description/config/ur20/joint_limits.yaml
[0.228s] -- Up-to-date symlink: /home/jenit/ur_ws/install/ur_description/share/ur_description/config/ur20/physical_parameters.yaml
[0.228s] -- Up-to-date symlink: /home/jenit/ur_ws/install/ur_description/share/ur_description/config/ur20/visual_parameters.yaml
[0.228s] -- Up-to-date symlink: /home/jenit/ur_ws/install/ur_description/share/ur_description/config/ur3/default_kinematics.yaml
[0.228s] -- Up-to-date symlink: /home/jenit/ur_ws/install/ur_description/share/ur_description/config/ur3/joint_limits.yaml
[0.228s] -- Up-to-date symlink: /home/jenit/ur_ws/install/ur_description/share/ur_description/config/ur3/physical_parameters.yaml
[0.228s] -- Up-to-date symlink: /home/jenit/ur_ws/install/ur_description/share/ur_description/config/ur3/visual_parameters.yaml
[0.229s] -- Up-to-date symlink: /home/jenit/ur_ws/install/ur_description/share/ur_description/config/ur30/default_kinematics.yaml
[0.229s] -- Up-to-date symlink: /home/jenit/ur_ws/install/ur_description/share/ur_description/config/ur30/joint_limits.yaml
[0.230s] -- Up-to-date symlink: /home/jenit/ur_ws/install/ur_description/share/ur_description/config/ur30/physical_parameters.yaml
[0.230s] -- Up-to-date symlink: /home/jenit/ur_ws/install/ur_description/share/ur_description/config/ur30/visual_parameters.yaml
[0.230s] -- Up-to-date symlink: /home/jenit/ur_ws/install/ur_description/share/ur_description/config/ur3e/default_kinematics.yaml
[0.230s] -- Up-to-date symlink: /home/jenit/ur_ws/install/ur_description/share/ur_description/config/ur3e/joint_limits.yaml
[0.230s] -- Up-to-date symlink: /home/jenit/ur_ws/install/ur_description/share/ur_description/config/ur3e/physical_parameters.yaml
[0.230s] -- Up-to-date symlink: /home/jenit/ur_ws/install/ur_description/share/ur_description/config/ur3e/visual_parameters.yaml
[0.231s] -- Up-to-date symlink: /home/jenit/ur_ws/install/ur_description/share/ur_description/config/ur5/default_kinematics.yaml
[0.231s] -- Up-to-date symlink: /home/jenit/ur_ws/install/ur_description/share/ur_description/config/ur5/joint_limits.yaml
[0.231s] -- Up-to-date symlink: /home/jenit/ur_ws/install/ur_description/share/ur_description/config/ur5/physical_parameters.yaml
[0.231s] -- Up-to-date symlink: /home/jenit/ur_ws/install/ur_description/share/ur_description/config/ur5/visual_parameters.yaml
[0.231s] -- Up-to-date symlink: /home/jenit/ur_ws/install/ur_description/share/ur_description/config/ur5e/default_kinematics.yaml
[0.231s] -- Up-to-date symlink: /home/jenit/ur_ws/install/ur_description/share/ur_description/config/ur5e/joint_limits.yaml
[0.233s] -- Up-to-date symlink: /home/jenit/ur_ws/install/ur_description/share/ur_description/config/ur5e/physical_parameters.yaml
[0.233s] -- Up-to-date symlink: /home/jenit/ur_ws/install/ur_description/share/ur_description/config/ur5e/visual_parameters.yaml
[0.233s] -- Up-to-date symlink: /home/jenit/ur_ws/install/ur_description/share/ur_description/config/ur7e/default_kinematics.yaml
[0.233s] -- Up-to-date symlink: /home/jenit/ur_ws/install/ur_description/share/ur_description/config/ur7e/joint_limits.yaml
[0.233s] -- Up-to-date symlink: /home/jenit/ur_ws/install/ur_description/share/ur_description/config/ur7e/physical_parameters.yaml
[0.233s] -- Up-to-date symlink: /home/jenit/ur_ws/install/ur_description/share/ur_description/config/ur7e/visual_parameters.yaml
[0.233s] -- Up-to-date symlink: /home/jenit/ur_ws/install/ur_description/share/ur_description/launch/view_ur.launch.py
[0.233s] -- Up-to-date symlink: /home/jenit/ur_ws/install/ur_description/share/ur_description/meshes/ur10/collision/base.stl
[0.233s] -- Up-to-date symlink: /home/jenit/ur_ws/install/ur_description/share/ur_description/meshes/ur10/collision/forearm.stl
[0.233s] -- Up-to-date symlink: /home/jenit/ur_ws/install/ur_description/share/ur_description/meshes/ur10/collision/shoulder.stl
[0.233s] -- Up-to-date symlink: /home/jenit/ur_ws/install/ur_description/share/ur_description/meshes/ur10/collision/upperarm.stl
[0.233s] -- Up-to-date symlink: /home/jenit/ur_ws/install/ur_description/share/ur_description/meshes/ur10/collision/wrist1.stl
[0.233s] -- Up-to-date symlink: /home/jenit/ur_ws/install/ur_description/share/ur_description/meshes/ur10/collision/wrist2.stl
[0.235s] -- Up-to-date symlink: /home/jenit/ur_ws/install/ur_description/share/ur_description/meshes/ur10/collision/wrist3.stl
[0.235s] -- Up-to-date symlink: /home/jenit/ur_ws/install/ur_description/share/ur_description/meshes/ur10/visual/base.dae
[0.236s] -- Up-to-date symlink: /home/jenit/ur_ws/install/ur_description/share/ur_description/meshes/ur10/visual/forearm.dae
[0.236s] -- Up-to-date symlink: /home/jenit/ur_ws/install/ur_description/share/ur_description/meshes/ur10/visual/shoulder.dae
[0.236s] -- Up-to-date symlink: /home/jenit/ur_ws/install/ur_description/share/ur_description/meshes/ur10/visual/upperarm.dae
[0.236s] -- Up-to-date symlink: /home/jenit/ur_ws/install/ur_description/share/ur_description/meshes/ur10/visual/wrist1.dae
[0.236s] -- Up-to-date symlink: /home/jenit/ur_ws/install/ur_description/share/ur_description/meshes/ur10/visual/wrist2.dae
[0.237s] -- Up-to-date symlink: /home/jenit/ur_ws/install/ur_description/share/ur_description/meshes/ur10/visual/wrist3.dae
[0.237s] -- Up-to-date symlink: /home/jenit/ur_ws/install/ur_description/share/ur_description/meshes/ur10e/collision/base.stl
[0.237s] -- Up-to-date symlink: /home/jenit/ur_ws/install/ur_description/share/ur_description/meshes/ur10e/collision/forearm.stl
[0.238s] -- Up-to-date symlink: /home/jenit/ur_ws/install/ur_description/share/ur_description/meshes/ur10e/collision/shoulder.stl
[0.238s] -- Up-to-date symlink: /home/jenit/ur_ws/install/ur_description/share/ur_description/meshes/ur10e/collision/upperarm.stl
[0.238s] -- Up-to-date symlink: /home/jenit/ur_ws/install/ur_description/share/ur_description/meshes/ur10e/collision/wrist1.stl
[0.238s] -- Up-to-date symlink: /home/jenit/ur_ws/install/ur_description/share/ur_description/meshes/ur10e/collision/wrist2.stl
[0.238s] -- Up-to-date symlink: /home/jenit/ur_ws/install/ur_description/share/ur_description/meshes/ur10e/collision/wrist3.stl
[0.238s] -- Up-to-date symlink: /home/jenit/ur_ws/install/ur_description/share/ur_description/meshes/ur10e/visual/base.dae
[0.238s] -- Up-to-date symlink: /home/jenit/ur_ws/install/ur_description/share/ur_description/meshes/ur10e/visual/forearm.dae
[0.238s] -- Up-to-date symlink: /home/jenit/ur_ws/install/ur_description/share/ur_description/meshes/ur10e/visual/shoulder.dae
[0.238s] -- Up-to-date symlink: /home/jenit/ur_ws/install/ur_description/share/ur_description/meshes/ur10e/visual/upperarm.dae
[0.238s] -- Up-to-date symlink: /home/jenit/ur_ws/install/ur_description/share/ur_description/meshes/ur10e/visual/wrist1.dae
[0.238s] -- Up-to-date symlink: /home/jenit/ur_ws/install/ur_description/share/ur_description/meshes/ur10e/visual/wrist2.dae
[0.238s] -- Up-to-date symlink: /home/jenit/ur_ws/install/ur_description/share/ur_description/meshes/ur10e/visual/wrist3.dae
[0.239s] -- Up-to-date symlink: /home/jenit/ur_ws/install/ur_description/share/ur_description/meshes/ur15/LICENSE.txt
[0.239s] -- Up-to-date symlink: /home/jenit/ur_ws/install/ur_description/share/ur_description/meshes/ur15/collision/base.stl
[0.239s] -- Up-to-date symlink: /home/jenit/ur_ws/install/ur_description/share/ur_description/meshes/ur15/collision/forearm.stl
[0.239s] -- Up-to-date symlink: /home/jenit/ur_ws/install/ur_description/share/ur_description/meshes/ur15/collision/shoulder.stl
[0.239s] -- Up-to-date symlink: /home/jenit/ur_ws/install/ur_description/share/ur_description/meshes/ur15/collision/upperarm.stl
[0.239s] -- Up-to-date symlink: /home/jenit/ur_ws/install/ur_description/share/ur_description/meshes/ur15/collision/wrist1.stl
[0.239s] -- Up-to-date symlink: /home/jenit/ur_ws/install/ur_description/share/ur_description/meshes/ur15/collision/wrist2.stl
[0.243s] -- Up-to-date symlink: /home/jenit/ur_ws/install/ur_description/share/ur_description/meshes/ur15/collision/wrist3.stl
[0.243s] -- Up-to-date symlink: /home/jenit/ur_ws/install/ur_description/share/ur_description/meshes/ur15/visual/UR15_DIFF_8bit_2K.jpg
[0.243s] -- Up-to-date symlink: /home/jenit/ur_ws/install/ur_description/share/ur_description/meshes/ur15/visual/base.dae
[0.243s] -- Up-to-date symlink: /home/jenit/ur_ws/install/ur_description/share/ur_description/meshes/ur15/visual/forearm.dae
[0.245s] -- Up-to-date symlink: /home/jenit/ur_ws/install/ur_description/share/ur_description/meshes/ur15/visual/shoulder.dae
[0.245s] -- Up-to-date symlink: /home/jenit/ur_ws/install/ur_description/share/ur_description/meshes/ur15/visual/upperarm.dae
[0.245s] -- Up-to-date symlink: /home/jenit/ur_ws/install/ur_description/share/ur_description/meshes/ur15/visual/wrist1.dae
[0.245s] -- Up-to-date symlink: /home/jenit/ur_ws/install/ur_description/share/ur_description/meshes/ur15/visual/wrist2.dae
[0.245s] -- Up-to-date symlink: /home/jenit/ur_ws/install/ur_description/share/ur_description/meshes/ur15/visual/wrist3.dae
[0.245s] -- Up-to-date symlink: /home/jenit/ur_ws/install/ur_description/share/ur_description/meshes/ur16e/collision/forearm.stl
[0.245s] -- Up-to-date symlink: /home/jenit/ur_ws/install/ur_description/share/ur_description/meshes/ur16e/collision/upperarm.stl
[0.246s] -- Up-to-date symlink: /home/jenit/ur_ws/install/ur_description/share/ur_description/meshes/ur16e/visual/forearm.dae
[0.246s] -- Up-to-date symlink: /home/jenit/ur_ws/install/ur_description/share/ur_description/meshes/ur16e/visual/upperarm.dae
[0.246s] -- Up-to-date symlink: /home/jenit/ur_ws/install/ur_description/share/ur_description/meshes/ur20/LICENSE.txt
[0.247s] -- Up-to-date symlink: /home/jenit/ur_ws/install/ur_description/share/ur_description/meshes/ur20/collision/base.stl
[0.247s] -- Up-to-date symlink: /home/jenit/ur_ws/install/ur_description/share/ur_description/meshes/ur20/collision/forearm.stl
[0.247s] -- Up-to-date symlink: /home/jenit/ur_ws/install/ur_description/share/ur_description/meshes/ur20/collision/shoulder.stl
[0.247s] -- Up-to-date symlink: /home/jenit/ur_ws/install/ur_description/share/ur_description/meshes/ur20/collision/upperarm.stl
[0.247s] -- Up-to-date symlink: /home/jenit/ur_ws/install/ur_description/share/ur_description/meshes/ur20/collision/wrist1.stl
[0.247s] -- Up-to-date symlink: /home/jenit/ur_ws/install/ur_description/share/ur_description/meshes/ur20/collision/wrist2.stl
[0.247s] -- Up-to-date symlink: /home/jenit/ur_ws/install/ur_description/share/ur_description/meshes/ur20/collision/wrist3.stl
[0.247s] -- Up-to-date symlink: /home/jenit/ur_ws/install/ur_description/share/ur_description/meshes/ur20/visual/UR20_DIFF_8bit_2K.png
[0.247s] -- Up-to-date symlink: /home/jenit/ur_ws/install/ur_description/share/ur_description/meshes/ur20/visual/base.dae
[0.247s] -- Up-to-date symlink: /home/jenit/ur_ws/install/ur_description/share/ur_description/meshes/ur20/visual/forearm.dae
[0.247s] -- Up-to-date symlink: /home/jenit/ur_ws/install/ur_description/share/ur_description/meshes/ur20/visual/shoulder.dae
[0.247s] -- Up-to-date symlink: /home/jenit/ur_ws/install/ur_description/share/ur_description/meshes/ur20/visual/upperarm.dae
[0.248s] -- Up-to-date symlink: /home/jenit/ur_ws/install/ur_description/share/ur_description/meshes/ur20/visual/wrist1.dae
[0.248s] -- Up-to-date symlink: /home/jenit/ur_ws/install/ur_description/share/ur_description/meshes/ur20/visual/wrist2.dae
[0.248s] -- Up-to-date symlink: /home/jenit/ur_ws/install/ur_description/share/ur_description/meshes/ur20/visual/wrist3.dae
[0.248s] -- Up-to-date symlink: /home/jenit/ur_ws/install/ur_description/share/ur_description/meshes/ur3/collision/base.stl
[0.248s] -- Up-to-date symlink: /home/jenit/ur_ws/install/ur_description/share/ur_description/meshes/ur3/collision/forearm.stl
[0.248s] -- Up-to-date symlink: /home/jenit/ur_ws/install/ur_description/share/ur_description/meshes/ur3/collision/shoulder.stl
[0.248s] -- Up-to-date symlink: /home/jenit/ur_ws/install/ur_description/share/ur_description/meshes/ur3/collision/upperarm.stl
[0.248s] -- Up-to-date symlink: /home/jenit/ur_ws/install/ur_description/share/ur_description/meshes/ur3/collision/wrist1.stl
[0.248s] -- Up-to-date symlink: /home/jenit/ur_ws/install/ur_description/share/ur_description/meshes/ur3/collision/wrist2.stl
[0.254s] -- Up-to-date symlink: /home/jenit/ur_ws/install/ur_description/share/ur_description/meshes/ur3/collision/wrist3.stl
[0.255s] -- Up-to-date symlink: /home/jenit/ur_ws/install/ur_description/share/ur_description/meshes/ur3/visual/base.dae
[0.255s] -- Up-to-date symlink: /home/jenit/ur_ws/install/ur_description/share/ur_description/meshes/ur3/visual/forearm.dae
[0.255s] -- Up-to-date symlink: /home/jenit/ur_ws/install/ur_description/share/ur_description/meshes/ur3/visual/shoulder.dae
[0.255s] -- Up-to-date symlink: /home/jenit/ur_ws/install/ur_description/share/ur_description/meshes/ur3/visual/upperarm.dae
[0.255s] -- Up-to-date symlink: /home/jenit/ur_ws/install/ur_description/share/ur_description/meshes/ur3/visual/wrist1.dae
[0.255s] -- Up-to-date symlink: /home/jenit/ur_ws/install/ur_description/share/ur_description/meshes/ur3/visual/wrist2.dae
[0.256s] -- Up-to-date symlink: /home/jenit/ur_ws/install/ur_description/share/ur_description/meshes/ur3/visual/wrist3.dae
[0.256s] -- Up-to-date symlink: /home/jenit/ur_ws/install/ur_description/share/ur_description/meshes/ur30/LICENSE.txt
[0.256s] -- Up-to-date symlink: /home/jenit/ur_ws/install/ur_description/share/ur_description/meshes/ur30/collision/forearm.stl
[0.256s] -- Up-to-date symlink: /home/jenit/ur_ws/install/ur_description/share/ur_description/meshes/ur30/collision/upperarm.stl
[0.256s] -- Up-to-date symlink: /home/jenit/ur_ws/install/ur_description/share/ur_description/meshes/ur30/visual/UR30_DIFF_8bit_2K.png
[0.256s] -- Up-to-date symlink: /home/jenit/ur_ws/install/ur_description/share/ur_description/meshes/ur30/visual/forearm.dae
[0.256s] -- Up-to-date symlink: /home/jenit/ur_ws/install/ur_description/share/ur_description/meshes/ur30/visual/upperarm.dae
[0.256s] -- Up-to-date symlink: /home/jenit/ur_ws/install/ur_description/share/ur_description/meshes/ur3e/collision/base.stl
[0.256s] -- Up-to-date symlink: /home/jenit/ur_ws/install/ur_description/share/ur_description/meshes/ur3e/collision/forearm.stl
[0.256s] -- Up-to-date symlink: /home/jenit/ur_ws/install/ur_description/share/ur_description/meshes/ur3e/collision/shoulder.stl
[0.256s] -- Up-to-date symlink: /home/jenit/ur_ws/install/ur_description/share/ur_description/meshes/ur3e/collision/upperarm.stl
[0.257s] -- Up-to-date symlink: /home/jenit/ur_ws/install/ur_description/share/ur_description/meshes/ur3e/collision/wrist1.stl
[0.257s] -- Up-to-date symlink: /home/jenit/ur_ws/install/ur_description/share/ur_description/meshes/ur3e/collision/wrist2.stl
[0.257s] -- Up-to-date symlink: /home/jenit/ur_ws/install/ur_description/share/ur_description/meshes/ur3e/collision/wrist3.stl
[0.257s] -- Up-to-date symlink: /home/jenit/ur_ws/install/ur_description/share/ur_description/meshes/ur3e/visual/base.dae
[0.257s] -- Up-to-date symlink: /home/jenit/ur_ws/install/ur_description/share/ur_description/meshes/ur3e/visual/forearm.dae
[0.257s] -- Up-to-date symlink: /home/jenit/ur_ws/install/ur_description/share/ur_description/meshes/ur3e/visual/shoulder.dae
[0.257s] -- Up-to-date symlink: /home/jenit/ur_ws/install/ur_description/share/ur_description/meshes/ur3e/visual/upperarm.dae
[0.257s] -- Up-to-date symlink: /home/jenit/ur_ws/install/ur_description/share/ur_description/meshes/ur3e/visual/wrist1.dae
[0.257s] -- Up-to-date symlink: /home/jenit/ur_ws/install/ur_description/share/ur_description/meshes/ur3e/visual/wrist2.dae
[0.257s] -- Up-to-date symlink: /home/jenit/ur_ws/install/ur_description/share/ur_description/meshes/ur3e/visual/wrist3.dae
[0.257s] -- Up-to-date symlink: /home/jenit/ur_ws/install/ur_description/share/ur_description/meshes/ur5/collision/base.stl
[0.257s] -- Up-to-date symlink: /home/jenit/ur_ws/install/ur_description/share/ur_description/meshes/ur5/collision/forearm.stl
[0.259s] -- Up-to-date symlink: /home/jenit/ur_ws/install/ur_description/share/ur_description/meshes/ur5/collision/shoulder.stl
[0.262s] -- Up-to-date symlink: /home/jenit/ur_ws/install/ur_description/share/ur_description/meshes/ur5/collision/upperarm.stl
[0.262s] -- Up-to-date symlink: /home/jenit/ur_ws/install/ur_description/share/ur_description/meshes/ur5/collision/wrist1.stl
[0.262s] -- Up-to-date symlink: /home/jenit/ur_ws/install/ur_description/share/ur_description/meshes/ur5/collision/wrist2.stl
[0.263s] -- Up-to-date symlink: /home/jenit/ur_ws/install/ur_description/share/ur_description/meshes/ur5/collision/wrist3.stl
[0.263s] -- Up-to-date symlink: /home/jenit/ur_ws/install/ur_description/share/ur_description/meshes/ur5/visual/base.dae
[0.263s] -- Up-to-date symlink: /home/jenit/ur_ws/install/ur_description/share/ur_description/meshes/ur5/visual/forearm.dae
[0.263s] -- Up-to-date symlink: /home/jenit/ur_ws/install/ur_description/share/ur_description/meshes/ur5/visual/shoulder.dae
[0.263s] -- Up-to-date symlink: /home/jenit/ur_ws/install/ur_description/share/ur_description/meshes/ur5/visual/upperarm.dae
[0.263s] -- Up-to-date symlink: /home/jenit/ur_ws/install/ur_description/share/ur_description/meshes/ur5/visual/wrist1.dae
[0.263s] -- Up-to-date symlink: /home/jenit/ur_ws/install/ur_description/share/ur_description/meshes/ur5/visual/wrist2.dae
[0.263s] -- Up-to-date symlink: /home/jenit/ur_ws/install/ur_description/share/ur_description/meshes/ur5/visual/wrist3.dae
[0.263s] -- Up-to-date symlink: /home/jenit/ur_ws/install/ur_description/share/ur_description/meshes/ur5e/collision/base.stl
[0.263s] -- Up-to-date symlink: /home/jenit/ur_ws/install/ur_description/share/ur_description/meshes/ur5e/collision/forearm.stl
[0.264s] -- Up-to-date symlink: /home/jenit/ur_ws/install/ur_description/share/ur_description/meshes/ur5e/collision/shoulder.stl
[0.264s] -- Up-to-date symlink: /home/jenit/ur_ws/install/ur_description/share/ur_description/meshes/ur5e/collision/upperarm.stl
[0.264s] -- Up-to-date symlink: /home/jenit/ur_ws/install/ur_description/share/ur_description/meshes/ur5e/collision/wrist1.stl
[0.264s] -- Up-to-date symlink: /home/jenit/ur_ws/install/ur_description/share/ur_description/meshes/ur5e/collision/wrist2.stl
[0.264s] -- Up-to-date symlink: /home/jenit/ur_ws/install/ur_description/share/ur_description/meshes/ur5e/collision/wrist3.stl
[0.264s] -- Up-to-date symlink: /home/jenit/ur_ws/install/ur_description/share/ur_description/meshes/ur5e/visual/base.dae
[0.264s] -- Up-to-date symlink: /home/jenit/ur_ws/install/ur_description/share/ur_description/meshes/ur5e/visual/forearm.dae
[0.264s] -- Up-to-date symlink: /home/jenit/ur_ws/install/ur_description/share/ur_description/meshes/ur5e/visual/shoulder.dae
[0.264s] -- Up-to-date symlink: /home/jenit/ur_ws/install/ur_description/share/ur_description/meshes/ur5e/visual/upperarm.dae
[0.264s] -- Up-to-date symlink: /home/jenit/ur_ws/install/ur_description/share/ur_description/meshes/ur5e/visual/wrist1.dae
[0.264s] -- Up-to-date symlink: /home/jenit/ur_ws/install/ur_description/share/ur_description/meshes/ur5e/visual/wrist2.dae
[0.265s] -- Up-to-date symlink: /home/jenit/ur_ws/install/ur_description/share/ur_description/meshes/ur5e/visual/wrist3.dae
[0.265s] -- Up-to-date symlink: /home/jenit/ur_ws/install/ur_description/share/ur_description/rviz/view_robot.rviz
[0.265s] -- Up-to-date symlink: /home/jenit/ur_ws/install/ur_description/share/ur_description/urdf/inc/ur_common.xacro
[0.272s] -- Up-to-date symlink: /home/jenit/ur_ws/install/ur_description/share/ur_description/urdf/inc/ur_transmissions.xacro
[0.272s] -- Up-to-date symlink: /home/jenit/ur_ws/install/ur_description/share/ur_description/urdf/ur.ros2_control.xacro
[0.272s] -- Up-to-date symlink: /home/jenit/ur_ws/install/ur_description/share/ur_description/urdf/ur.urdf.xacro
[0.272s] -- Up-to-date symlink: /home/jenit/ur_ws/install/ur_description/share/ur_description/urdf/ur_macro.xacro
[0.272s] -- Up-to-date symlink: /home/jenit/ur_ws/install/ur_description/share/ur_description/test/test_ur_urdf_xacro.py
[0.272s] -- Up-to-date symlink: /home/jenit/ur_ws/install/ur_description/share/ur_description/test/test_view_ur_launch.py
[0.272s] -- Up-to-date symlink: /home/jenit/ur_ws/install/ur_description/share/ament_index/resource_index/package_run_dependencies/ur_description
[0.272s] -- Up-to-date symlink: /home/jenit/ur_ws/install/ur_description/share/ament_index/resource_index/parent_prefix_path/ur_description
[0.273s] -- Up-to-date symlink: /home/jenit/ur_ws/install/ur_description/share/ur_description/environment/ament_prefix_path.sh
[0.273s] -- Up-to-date symlink: /home/jenit/ur_ws/install/ur_description/share/ur_description/environment/ament_prefix_path.dsv
[0.273s] -- Up-to-date symlink: /home/jenit/ur_ws/install/ur_description/share/ur_description/environment/path.sh
[0.275s] -- Up-to-date symlink: /home/jenit/ur_ws/install/ur_description/share/ur_description/environment/path.dsv
[0.275s] -- Up-to-date symlink: /home/jenit/ur_ws/install/ur_description/share/ur_description/local_setup.bash
[0.275s] -- Up-to-date symlink: /home/jenit/ur_ws/install/ur_description/share/ur_description/local_setup.sh
[0.275s] -- Up-to-date symlink: /home/jenit/ur_ws/install/ur_description/share/ur_description/local_setup.zsh
[0.275s] -- Up-to-date symlink: /home/jenit/ur_ws/install/ur_description/share/ur_description/local_setup.dsv
[0.275s] -- Symlinking: /home/jenit/ur_ws/install/ur_description/share/ur_description/package.dsv
[0.329s] -- Up-to-date symlink: /home/jenit/ur_ws/install/ur_description/share/ament_index/resource_index/packages/ur_description
[0.329s] -- Up-to-date symlink: /home/jenit/ur_ws/install/ur_description/share/ur_description/cmake/ur_descriptionConfig.cmake
[0.329s] -- Up-to-date symlink: /home/jenit/ur_ws/install/ur_description/share/ur_description/cmake/ur_descriptionConfig-version.cmake
[0.329s] -- Up-to-date symlink: /home/jenit/ur_ws/install/ur_description/share/ur_description/package.xml
[0.330s] Invoked command in '/home/jenit/ur_ws/build/ur_description' returned '0': CMAKE_PREFIX_PATH=${CMAKE_PREFIX_PATH}:/home/jenit/ws_moveit/install/moveit_configs_utils:/home/jenit/ws_moveit/install/launch_param_builder:/opt/ros/humble:/home/jenit/ros2_humble/install/rqt_bag_plugins:/home/jenit/ros2_humble/install/rqt_bag:/home/jenit/ros2_humble/install/launch_testing_examples:/home/jenit/ros2_humble/install/ros2bag:/home/jenit/ros2_humble/install/tracetools_test:/home/jenit/ros2_humble/install/tracetools_launch:/home/jenit/ros2_humble/install/topic_monitor:/home/jenit/ros2_humble/install/tf2_tools:/home/jenit/ros2_humble/install/examples_tf2_py:/home/jenit/ros2_humble/install/tf2_ros_py:/home/jenit/ros2_humble/install/sros2:/home/jenit/ros2_humble/install/rqt_topic:/home/jenit/ros2_humble/install/rqt_srv:/home/jenit/ros2_humble/install/rqt_shell:/home/jenit/ros2_humble/install/rqt_service_caller:/home/jenit/ros2_humble/install/rqt_reconfigure:/home/jenit/ros2_humble/install/rqt_py_console:/home/jenit/ros2_humble/install/rqt_publisher:/home/jenit/ros2_humble/install/rqt_plot:/home/jenit/ros2_humble/install/rqt_action:/home/jenit/ros2_humble/install/rqt_msg:/home/jenit/ros2_humble/install/rqt_console:/home/jenit/ros2_humble/install/rqt:/home/jenit/ros2_humble/install/rqt_graph:/home/jenit/ros2_humble/install/rqt_gui_py:/home/jenit/ros2_humble/install/rqt_gui:/home/jenit/ros2_humble/install/ros2trace:/home/jenit/ros2_humble/install/ros2topic:/home/jenit/ros2_humble/install/ros2test:/home/jenit/ros2_humble/install/ros2component:/home/jenit/ros2_humble/install/ros2param:/home/jenit/ros2_humble/install/ros2lifecycle:/home/jenit/ros2_humble/install/ros2service:/home/jenit/ros2_humble/install/ros2run:/home/jenit/ros2_humble/install/ros2launch:/home/jenit/ros2_humble/install/ros2pkg:/home/jenit/ros2_humble/install/ros2node:/home/jenit/ros2_humble/install/ros2multicast:/home/jenit/ros2_humble/install/ros2interface:/home/jenit/ros2_humble/install/ros2doctor:/home/jenit/ros2_humble/install/ros2action:/home/jenit/ros2_humble/install/ros2cli:/home/jenit/ros2_humble/install/quality_of_service_demo_py:/home/jenit/ros2_humble/install/lifecycle_py:/home/jenit/ros2_humble/install/launch_testing_ros:/home/jenit/ros2_humble/install/launch_ros:/home/jenit/ros2_humble/install/examples_rclpy_pointcloud_publisher:/home/jenit/ros2_humble/install/examples_rclpy_minimal_subscriber:/home/jenit/ros2_humble/install/examples_rclpy_minimal_service:/home/jenit/ros2_humble/install/examples_rclpy_minimal_publisher:/home/jenit/ros2_humble/install/examples_rclpy_minimal_client:/home/jenit/ros2_humble/install/examples_rclpy_minimal_action_server:/home/jenit/ros2_humble/install/examples_rclpy_minimal_action_client:/home/jenit/ros2_humble/install/examples_rclpy_guard_conditions:/home/jenit/ros2_humble/install/examples_rclpy_executors:/home/jenit/ros2_humble/install/demo_nodes_py:/home/jenit/ros2_humble/install/camera_info_manager_py:/home/jenit/ros2_humble/install/action_tutorials_py:/home/jenit/ros2_humble/install/ament_uncrustify:/home/jenit/ros2_humble/install/tracetools_trace:/home/jenit/ros2_humble/install/tracetools_read:/home/jenit/ros2_humble/install/test_tracetools_launch:/home/jenit/ros2_humble/install/test_launch_ros:/home/jenit/ros2_humble/install/sensor_msgs_py:/home/jenit/ros2_humble/install/rpyutils:/home/jenit/ros2_humble/install/rosidl_runtime_py:/home/jenit/ros2_humble/install/rosidl_cli:/home/jenit/ros2_humble/install/launch_pytest:/home/jenit/ros2_humble/install/launch_testing:/home/jenit/ros2_humble/install/launch_yaml:/home/jenit/ros2_humble/install/launch_xml:/home/jenit/ros2_humble/install/launch:/home/jenit/ros2_humble/install/osrf_pycommon:/home/jenit/ros2_humble/install/domain_coordinator:/home/jenit/ros2_humble/install/ament_xmllint:/home/jenit/ros2_humble/install/ament_pyflakes:/home/jenit/ros2_humble/install/ament_pycodestyle:/home/jenit/ros2_humble/install/ament_pep257:/home/jenit/ros2_humble/install/ament_pclint:/home/jenit/ros2_humble/install/ament_package:/home/jenit/ros2_humble/install/ament_mypy:/home/jenit/ros2_humble/install/ament_lint_cmake:/home/jenit/ros2_humble/install/ament_flake8:/home/jenit/ros2_humble/install/ament_copyright:/home/jenit/ros2_humble/install/ament_lint:/home/jenit/ros2_humble/install/ament_index_python:/home/jenit/ros2_humble/install/ament_cpplint:/home/jenit/ros2_humble/install/ament_cppcheck:/home/jenit/ros2_humble/install/ament_clang_tidy:/home/jenit/ros2_humble/install/ament_clang_format /usr/bin/cmake --install /home/jenit/ur_ws/build/ur_description
