[0.042s] Invoking command in '/home/jenit/ur_ws/build/ur_client_library': CMAKE_PREFIX_PATH=${CMAKE_PREFIX_PATH}:/home/jenit/ws_moveit/install/moveit_configs_utils:/home/jenit/ws_moveit/install/launch_param_builder:/opt/ros/humble:/home/jenit/ros2_humble/install/rqt_bag_plugins:/home/jenit/ros2_humble/install/rqt_bag:/home/jenit/ros2_humble/install/launch_testing_examples:/home/jenit/ros2_humble/install/ros2bag:/home/jenit/ros2_humble/install/tracetools_test:/home/jenit/ros2_humble/install/tracetools_launch:/home/jenit/ros2_humble/install/topic_monitor:/home/jenit/ros2_humble/install/tf2_tools:/home/jenit/ros2_humble/install/examples_tf2_py:/home/jenit/ros2_humble/install/tf2_ros_py:/home/jenit/ros2_humble/install/sros2:/home/jenit/ros2_humble/install/rqt_topic:/home/jenit/ros2_humble/install/rqt_srv:/home/jenit/ros2_humble/install/rqt_shell:/home/jenit/ros2_humble/install/rqt_service_caller:/home/jenit/ros2_humble/install/rqt_reconfigure:/home/jenit/ros2_humble/install/rqt_py_console:/home/jenit/ros2_humble/install/rqt_publisher:/home/jenit/ros2_humble/install/rqt_plot:/home/jenit/ros2_humble/install/rqt_action:/home/jenit/ros2_humble/install/rqt_msg:/home/jenit/ros2_humble/install/rqt_console:/home/jenit/ros2_humble/install/rqt:/home/jenit/ros2_humble/install/rqt_graph:/home/jenit/ros2_humble/install/rqt_gui_py:/home/jenit/ros2_humble/install/rqt_gui:/home/jenit/ros2_humble/install/ros2trace:/home/jenit/ros2_humble/install/ros2topic:/home/jenit/ros2_humble/install/ros2test:/home/jenit/ros2_humble/install/ros2component:/home/jenit/ros2_humble/install/ros2param:/home/jenit/ros2_humble/install/ros2lifecycle:/home/jenit/ros2_humble/install/ros2service:/home/jenit/ros2_humble/install/ros2run:/home/jenit/ros2_humble/install/ros2launch:/home/jenit/ros2_humble/install/ros2pkg:/home/jenit/ros2_humble/install/ros2node:/home/jenit/ros2_humble/install/ros2multicast:/home/jenit/ros2_humble/install/ros2interface:/home/jenit/ros2_humble/install/ros2doctor:/home/jenit/ros2_humble/install/ros2action:/home/jenit/ros2_humble/install/ros2cli:/home/jenit/ros2_humble/install/quality_of_service_demo_py:/home/jenit/ros2_humble/install/lifecycle_py:/home/jenit/ros2_humble/install/launch_testing_ros:/home/jenit/ros2_humble/install/launch_ros:/home/jenit/ros2_humble/install/examples_rclpy_pointcloud_publisher:/home/jenit/ros2_humble/install/examples_rclpy_minimal_subscriber:/home/jenit/ros2_humble/install/examples_rclpy_minimal_service:/home/jenit/ros2_humble/install/examples_rclpy_minimal_publisher:/home/jenit/ros2_humble/install/examples_rclpy_minimal_client:/home/jenit/ros2_humble/install/examples_rclpy_minimal_action_server:/home/jenit/ros2_humble/install/examples_rclpy_minimal_action_client:/home/jenit/ros2_humble/install/examples_rclpy_guard_conditions:/home/jenit/ros2_humble/install/examples_rclpy_executors:/home/jenit/ros2_humble/install/demo_nodes_py:/home/jenit/ros2_humble/install/camera_info_manager_py:/home/jenit/ros2_humble/install/action_tutorials_py:/home/jenit/ros2_humble/install/ament_uncrustify:/home/jenit/ros2_humble/install/tracetools_trace:/home/jenit/ros2_humble/install/tracetools_read:/home/jenit/ros2_humble/install/test_tracetools_launch:/home/jenit/ros2_humble/install/test_launch_ros:/home/jenit/ros2_humble/install/sensor_msgs_py:/home/jenit/ros2_humble/install/rpyutils:/home/jenit/ros2_humble/install/rosidl_runtime_py:/home/jenit/ros2_humble/install/rosidl_cli:/home/jenit/ros2_humble/install/launch_pytest:/home/jenit/ros2_humble/install/launch_testing:/home/jenit/ros2_humble/install/launch_yaml:/home/jenit/ros2_humble/install/launch_xml:/home/jenit/ros2_humble/install/launch:/home/jenit/ros2_humble/install/osrf_pycommon:/home/jenit/ros2_humble/install/domain_coordinator:/home/jenit/ros2_humble/install/ament_xmllint:/home/jenit/ros2_humble/install/ament_pyflakes:/home/jenit/ros2_humble/install/ament_pycodestyle:/home/jenit/ros2_humble/install/ament_pep257:/home/jenit/ros2_humble/install/ament_pclint:/home/jenit/ros2_humble/install/ament_package:/home/jenit/ros2_humble/install/ament_mypy:/home/jenit/ros2_humble/install/ament_lint_cmake:/home/jenit/ros2_humble/install/ament_flake8:/home/jenit/ros2_humble/install/ament_copyright:/home/jenit/ros2_humble/install/ament_lint:/home/jenit/ros2_humble/install/ament_index_python:/home/jenit/ros2_humble/install/ament_cpplint:/home/jenit/ros2_humble/install/ament_cppcheck:/home/jenit/ros2_humble/install/ament_clang_tidy:/home/jenit/ros2_humble/install/ament_clang_format /usr/bin/cmake --build /home/jenit/ur_ws/build/ur_client_library -- -j4 -l4
[0.259s] [ 61%] Built target urcl
[0.386s] [ 64%] Built target primary_pipeline_example
[0.486s] [ 67%] Built target primary_pipeline_calibration_example
[0.486s] [ 70%] Built target driver_example
[0.489s] [ 74%] Built target rtde_client_example
[0.578s] [ 77%] Built target dashboard_example
[0.629s] [ 80%] Built target tool_contact_example
[0.658s] [ 83%] Built target spline_example
[0.678s] [ 87%] Built target freedrive_example
[0.724s] [ 90%] Built target force_mode_example
[0.795s] [ 93%] Built target script_sender_example
[0.803s] [ 96%] Built target trajectory_point_interface_example
[0.811s] [100%] Built target instruction_executor
[0.840s] Invoked command in '/home/jenit/ur_ws/build/ur_client_library' returned '0': CMAKE_PREFIX_PATH=${CMAKE_PREFIX_PATH}:/home/jenit/ws_moveit/install/moveit_configs_utils:/home/jenit/ws_moveit/install/launch_param_builder:/opt/ros/humble:/home/jenit/ros2_humble/install/rqt_bag_plugins:/home/jenit/ros2_humble/install/rqt_bag:/home/jenit/ros2_humble/install/launch_testing_examples:/home/jenit/ros2_humble/install/ros2bag:/home/jenit/ros2_humble/install/tracetools_test:/home/jenit/ros2_humble/install/tracetools_launch:/home/jenit/ros2_humble/install/topic_monitor:/home/jenit/ros2_humble/install/tf2_tools:/home/jenit/ros2_humble/install/examples_tf2_py:/home/jenit/ros2_humble/install/tf2_ros_py:/home/jenit/ros2_humble/install/sros2:/home/jenit/ros2_humble/install/rqt_topic:/home/jenit/ros2_humble/install/rqt_srv:/home/jenit/ros2_humble/install/rqt_shell:/home/jenit/ros2_humble/install/rqt_service_caller:/home/jenit/ros2_humble/install/rqt_reconfigure:/home/jenit/ros2_humble/install/rqt_py_console:/home/jenit/ros2_humble/install/rqt_publisher:/home/jenit/ros2_humble/install/rqt_plot:/home/jenit/ros2_humble/install/rqt_action:/home/jenit/ros2_humble/install/rqt_msg:/home/jenit/ros2_humble/install/rqt_console:/home/jenit/ros2_humble/install/rqt:/home/jenit/ros2_humble/install/rqt_graph:/home/jenit/ros2_humble/install/rqt_gui_py:/home/jenit/ros2_humble/install/rqt_gui:/home/jenit/ros2_humble/install/ros2trace:/home/jenit/ros2_humble/install/ros2topic:/home/jenit/ros2_humble/install/ros2test:/home/jenit/ros2_humble/install/ros2component:/home/jenit/ros2_humble/install/ros2param:/home/jenit/ros2_humble/install/ros2lifecycle:/home/jenit/ros2_humble/install/ros2service:/home/jenit/ros2_humble/install/ros2run:/home/jenit/ros2_humble/install/ros2launch:/home/jenit/ros2_humble/install/ros2pkg:/home/jenit/ros2_humble/install/ros2node:/home/jenit/ros2_humble/install/ros2multicast:/home/jenit/ros2_humble/install/ros2interface:/home/jenit/ros2_humble/install/ros2doctor:/home/jenit/ros2_humble/install/ros2action:/home/jenit/ros2_humble/install/ros2cli:/home/jenit/ros2_humble/install/quality_of_service_demo_py:/home/jenit/ros2_humble/install/lifecycle_py:/home/jenit/ros2_humble/install/launch_testing_ros:/home/jenit/ros2_humble/install/launch_ros:/home/jenit/ros2_humble/install/examples_rclpy_pointcloud_publisher:/home/jenit/ros2_humble/install/examples_rclpy_minimal_subscriber:/home/jenit/ros2_humble/install/examples_rclpy_minimal_service:/home/jenit/ros2_humble/install/examples_rclpy_minimal_publisher:/home/jenit/ros2_humble/install/examples_rclpy_minimal_client:/home/jenit/ros2_humble/install/examples_rclpy_minimal_action_server:/home/jenit/ros2_humble/install/examples_rclpy_minimal_action_client:/home/jenit/ros2_humble/install/examples_rclpy_guard_conditions:/home/jenit/ros2_humble/install/examples_rclpy_executors:/home/jenit/ros2_humble/install/demo_nodes_py:/home/jenit/ros2_humble/install/camera_info_manager_py:/home/jenit/ros2_humble/install/action_tutorials_py:/home/jenit/ros2_humble/install/ament_uncrustify:/home/jenit/ros2_humble/install/tracetools_trace:/home/jenit/ros2_humble/install/tracetools_read:/home/jenit/ros2_humble/install/test_tracetools_launch:/home/jenit/ros2_humble/install/test_launch_ros:/home/jenit/ros2_humble/install/sensor_msgs_py:/home/jenit/ros2_humble/install/rpyutils:/home/jenit/ros2_humble/install/rosidl_runtime_py:/home/jenit/ros2_humble/install/rosidl_cli:/home/jenit/ros2_humble/install/launch_pytest:/home/jenit/ros2_humble/install/launch_testing:/home/jenit/ros2_humble/install/launch_yaml:/home/jenit/ros2_humble/install/launch_xml:/home/jenit/ros2_humble/install/launch:/home/jenit/ros2_humble/install/osrf_pycommon:/home/jenit/ros2_humble/install/domain_coordinator:/home/jenit/ros2_humble/install/ament_xmllint:/home/jenit/ros2_humble/install/ament_pyflakes:/home/jenit/ros2_humble/install/ament_pycodestyle:/home/jenit/ros2_humble/install/ament_pep257:/home/jenit/ros2_humble/install/ament_pclint:/home/jenit/ros2_humble/install/ament_package:/home/jenit/ros2_humble/install/ament_mypy:/home/jenit/ros2_humble/install/ament_lint_cmake:/home/jenit/ros2_humble/install/ament_flake8:/home/jenit/ros2_humble/install/ament_copyright:/home/jenit/ros2_humble/install/ament_lint:/home/jenit/ros2_humble/install/ament_index_python:/home/jenit/ros2_humble/install/ament_cpplint:/home/jenit/ros2_humble/install/ament_cppcheck:/home/jenit/ros2_humble/install/ament_clang_tidy:/home/jenit/ros2_humble/install/ament_clang_format /usr/bin/cmake --build /home/jenit/ur_ws/build/ur_client_library -- -j4 -l4
[0.841s] Invoking command in '/home/jenit/ur_ws/build/ur_client_library': CMAKE_PREFIX_PATH=${CMAKE_PREFIX_PATH}:/home/jenit/ws_moveit/install/moveit_configs_utils:/home/jenit/ws_moveit/install/launch_param_builder:/opt/ros/humble:/home/jenit/ros2_humble/install/rqt_bag_plugins:/home/jenit/ros2_humble/install/rqt_bag:/home/jenit/ros2_humble/install/launch_testing_examples:/home/jenit/ros2_humble/install/ros2bag:/home/jenit/ros2_humble/install/tracetools_test:/home/jenit/ros2_humble/install/tracetools_launch:/home/jenit/ros2_humble/install/topic_monitor:/home/jenit/ros2_humble/install/tf2_tools:/home/jenit/ros2_humble/install/examples_tf2_py:/home/jenit/ros2_humble/install/tf2_ros_py:/home/jenit/ros2_humble/install/sros2:/home/jenit/ros2_humble/install/rqt_topic:/home/jenit/ros2_humble/install/rqt_srv:/home/jenit/ros2_humble/install/rqt_shell:/home/jenit/ros2_humble/install/rqt_service_caller:/home/jenit/ros2_humble/install/rqt_reconfigure:/home/jenit/ros2_humble/install/rqt_py_console:/home/jenit/ros2_humble/install/rqt_publisher:/home/jenit/ros2_humble/install/rqt_plot:/home/jenit/ros2_humble/install/rqt_action:/home/jenit/ros2_humble/install/rqt_msg:/home/jenit/ros2_humble/install/rqt_console:/home/jenit/ros2_humble/install/rqt:/home/jenit/ros2_humble/install/rqt_graph:/home/jenit/ros2_humble/install/rqt_gui_py:/home/jenit/ros2_humble/install/rqt_gui:/home/jenit/ros2_humble/install/ros2trace:/home/jenit/ros2_humble/install/ros2topic:/home/jenit/ros2_humble/install/ros2test:/home/jenit/ros2_humble/install/ros2component:/home/jenit/ros2_humble/install/ros2param:/home/jenit/ros2_humble/install/ros2lifecycle:/home/jenit/ros2_humble/install/ros2service:/home/jenit/ros2_humble/install/ros2run:/home/jenit/ros2_humble/install/ros2launch:/home/jenit/ros2_humble/install/ros2pkg:/home/jenit/ros2_humble/install/ros2node:/home/jenit/ros2_humble/install/ros2multicast:/home/jenit/ros2_humble/install/ros2interface:/home/jenit/ros2_humble/install/ros2doctor:/home/jenit/ros2_humble/install/ros2action:/home/jenit/ros2_humble/install/ros2cli:/home/jenit/ros2_humble/install/quality_of_service_demo_py:/home/jenit/ros2_humble/install/lifecycle_py:/home/jenit/ros2_humble/install/launch_testing_ros:/home/jenit/ros2_humble/install/launch_ros:/home/jenit/ros2_humble/install/examples_rclpy_pointcloud_publisher:/home/jenit/ros2_humble/install/examples_rclpy_minimal_subscriber:/home/jenit/ros2_humble/install/examples_rclpy_minimal_service:/home/jenit/ros2_humble/install/examples_rclpy_minimal_publisher:/home/jenit/ros2_humble/install/examples_rclpy_minimal_client:/home/jenit/ros2_humble/install/examples_rclpy_minimal_action_server:/home/jenit/ros2_humble/install/examples_rclpy_minimal_action_client:/home/jenit/ros2_humble/install/examples_rclpy_guard_conditions:/home/jenit/ros2_humble/install/examples_rclpy_executors:/home/jenit/ros2_humble/install/demo_nodes_py:/home/jenit/ros2_humble/install/camera_info_manager_py:/home/jenit/ros2_humble/install/action_tutorials_py:/home/jenit/ros2_humble/install/ament_uncrustify:/home/jenit/ros2_humble/install/tracetools_trace:/home/jenit/ros2_humble/install/tracetools_read:/home/jenit/ros2_humble/install/test_tracetools_launch:/home/jenit/ros2_humble/install/test_launch_ros:/home/jenit/ros2_humble/install/sensor_msgs_py:/home/jenit/ros2_humble/install/rpyutils:/home/jenit/ros2_humble/install/rosidl_runtime_py:/home/jenit/ros2_humble/install/rosidl_cli:/home/jenit/ros2_humble/install/launch_pytest:/home/jenit/ros2_humble/install/launch_testing:/home/jenit/ros2_humble/install/launch_yaml:/home/jenit/ros2_humble/install/launch_xml:/home/jenit/ros2_humble/install/launch:/home/jenit/ros2_humble/install/osrf_pycommon:/home/jenit/ros2_humble/install/domain_coordinator:/home/jenit/ros2_humble/install/ament_xmllint:/home/jenit/ros2_humble/install/ament_pyflakes:/home/jenit/ros2_humble/install/ament_pycodestyle:/home/jenit/ros2_humble/install/ament_pep257:/home/jenit/ros2_humble/install/ament_pclint:/home/jenit/ros2_humble/install/ament_package:/home/jenit/ros2_humble/install/ament_mypy:/home/jenit/ros2_humble/install/ament_lint_cmake:/home/jenit/ros2_humble/install/ament_flake8:/home/jenit/ros2_humble/install/ament_copyright:/home/jenit/ros2_humble/install/ament_lint:/home/jenit/ros2_humble/install/ament_index_python:/home/jenit/ros2_humble/install/ament_cpplint:/home/jenit/ros2_humble/install/ament_cppcheck:/home/jenit/ros2_humble/install/ament_clang_tidy:/home/jenit/ros2_humble/install/ament_clang_format /usr/bin/cmake --install /home/jenit/ur_ws/build/ur_client_library
[0.868s] -- Install configuration: "RelWithDebInfo"
[0.868s] -- Up-to-date: /home/jenit/ur_ws/install/ur_client_library/lib/liburcl.so
[0.869s] -- Up-to-date: /home/jenit/ur_ws/install/ur_client_library/include
[0.869s] -- Up-to-date: /home/jenit/ur_ws/install/ur_client_library/include/ur_client_library
[0.869s] -- Up-to-date: /home/jenit/ur_ws/install/ur_client_library/include/ur_client_library/queue
[0.869s] -- Up-to-date: /home/jenit/ur_ws/install/ur_client_library/include/ur_client_library/queue/readerwriterqueue.h
[0.871s] -- Up-to-date: /home/jenit/ur_ws/install/ur_client_library/include/ur_client_library/queue/atomicops.h
[0.872s] -- Up-to-date: /home/jenit/ur_ws/install/ur_client_library/include/ur_client_library/queue/.clang-tidy
[0.872s] -- Up-to-date: /home/jenit/ur_ws/install/ur_client_library/include/ur_client_library/queue/LICENSE.md
[0.872s] -- Up-to-date: /home/jenit/ur_ws/install/ur_client_library/include/ur_client_library/ur
[0.872s] -- Up-to-date: /home/jenit/ur_ws/install/ur_client_library/include/ur_client_library/ur/calibration_checker.h
[0.872s] -- Up-to-date: /home/jenit/ur_ws/install/ur_client_library/include/ur_client_library/ur/datatypes.h
[0.872s] -- Up-to-date: /home/jenit/ur_ws/install/ur_client_library/include/ur_client_library/ur/instruction_executor.h
[0.872s] -- Up-to-date: /home/jenit/ur_ws/install/ur_client_library/include/ur_client_library/ur/version_information.h
[0.872s] -- Up-to-date: /home/jenit/ur_ws/install/ur_client_library/include/ur_client_library/ur/dashboard_client.h
[0.872s] -- Up-to-date: /home/jenit/ur_ws/install/ur_client_library/include/ur_client_library/ur/ur_driver.h
[0.872s] -- Up-to-date: /home/jenit/ur_ws/install/ur_client_library/include/ur_client_library/ur/tool_communication.h
[0.872s] -- Up-to-date: /home/jenit/ur_ws/install/ur_client_library/include/ur_client_library/ur/robot_receive_timeout.h
[0.872s] -- Up-to-date: /home/jenit/ur_ws/install/ur_client_library/include/ur_client_library/default_log_handler.h
[0.873s] -- Up-to-date: /home/jenit/ur_ws/install/ur_client_library/include/ur_client_library/helpers.h
[0.873s] -- Up-to-date: /home/jenit/ur_ws/install/ur_client_library/include/ur_client_library/types.h
[0.873s] -- Up-to-date: /home/jenit/ur_ws/install/ur_client_library/include/ur_client_library/rtde
[0.873s] -- Up-to-date: /home/jenit/ur_ws/install/ur_client_library/include/ur_client_library/rtde/rtde_parser.h
[0.873s] -- Up-to-date: /home/jenit/ur_ws/install/ur_client_library/include/ur_client_library/rtde/control_package_setup_inputs.h
[0.873s] -- Up-to-date: /home/jenit/ur_ws/install/ur_client_library/include/ur_client_library/rtde/control_package_setup_outputs.h
[0.873s] -- Up-to-date: /home/jenit/ur_ws/install/ur_client_library/include/ur_client_library/rtde/rtde_package.h
[0.873s] -- Up-to-date: /home/jenit/ur_ws/install/ur_client_library/include/ur_client_library/rtde/rtde_client.h
[0.873s] -- Up-to-date: /home/jenit/ur_ws/install/ur_client_library/include/ur_client_library/rtde/control_package_pause.h
[0.873s] -- Up-to-date: /home/jenit/ur_ws/install/ur_client_library/include/ur_client_library/rtde/text_message.h
[0.873s] -- Up-to-date: /home/jenit/ur_ws/install/ur_client_library/include/ur_client_library/rtde/rtde_writer.h
[0.873s] -- Up-to-date: /home/jenit/ur_ws/install/ur_client_library/include/ur_client_library/rtde/.clang-tidy
[0.873s] -- Up-to-date: /home/jenit/ur_ws/install/ur_client_library/include/ur_client_library/rtde/control_package_start.h
[0.873s] -- Up-to-date: /home/jenit/ur_ws/install/ur_client_library/include/ur_client_library/rtde/request_protocol_version.h
[0.873s] -- Up-to-date: /home/jenit/ur_ws/install/ur_client_library/include/ur_client_library/rtde/package_header.h
[0.873s] -- Up-to-date: /home/jenit/ur_ws/install/ur_client_library/include/ur_client_library/rtde/get_urcontrol_version.h
[0.873s] -- Up-to-date: /home/jenit/ur_ws/install/ur_client_library/include/ur_client_library/rtde/data_package.h
[0.874s] -- Up-to-date: /home/jenit/ur_ws/install/ur_client_library/include/ur_client_library/comm
[0.874s] -- Up-to-date: /home/jenit/ur_ws/install/ur_client_library/include/ur_client_library/comm/shell_consumer.h
[0.874s] -- Up-to-date: /home/jenit/ur_ws/install/ur_client_library/include/ur_client_library/comm/bin_parser.h
[0.874s] -- Up-to-date: /home/jenit/ur_ws/install/ur_client_library/include/ur_client_library/comm/tcp_server.h
[0.874s] -- Up-to-date: /home/jenit/ur_ws/install/ur_client_library/include/ur_client_library/comm/parser.h
[0.874s] -- Up-to-date: /home/jenit/ur_ws/install/ur_client_library/include/ur_client_library/comm/package_serializer.h
[0.874s] -- Up-to-date: /home/jenit/ur_ws/install/ur_client_library/include/ur_client_library/comm/pipeline.h
[0.874s] -- Up-to-date: /home/jenit/ur_ws/install/ur_client_library/include/ur_client_library/comm/tcp_socket.h
[0.874s] -- Up-to-date: /home/jenit/ur_ws/install/ur_client_library/include/ur_client_library/comm/socket_t.h
[0.874s] -- Up-to-date: /home/jenit/ur_ws/install/ur_client_library/include/ur_client_library/comm/stream.h
[0.874s] -- Up-to-date: /home/jenit/ur_ws/install/ur_client_library/include/ur_client_library/comm/control_mode.h
[0.874s] -- Up-to-date: /home/jenit/ur_ws/install/ur_client_library/include/ur_client_library/comm/package.h
[0.876s] -- Up-to-date: /home/jenit/ur_ws/install/ur_client_library/include/ur_client_library/comm/producer.h
[0.876s] -- Up-to-date: /home/jenit/ur_ws/install/ur_client_library/include/ur_client_library/primary
[0.876s] -- Up-to-date: /home/jenit/ur_ws/install/ur_client_library/include/ur_client_library/primary/primary_consumer.h
[0.876s] -- Up-to-date: /home/jenit/ur_ws/install/ur_client_library/include/ur_client_library/primary/robot_state
[0.876s] -- Up-to-date: /home/jenit/ur_ws/install/ur_client_library/include/ur_client_library/primary/robot_state/configuration_data.h
[0.876s] -- Up-to-date: /home/jenit/ur_ws/install/ur_client_library/include/ur_client_library/primary/robot_state/robot_mode_data.h
[0.876s] -- Up-to-date: /home/jenit/ur_ws/install/ur_client_library/include/ur_client_library/primary/robot_state/kinematics_info.h
[0.876s] -- Up-to-date: /home/jenit/ur_ws/install/ur_client_library/include/ur_client_library/primary/robot_message
[0.876s] -- Up-to-date: /home/jenit/ur_ws/install/ur_client_library/include/ur_client_library/primary/robot_message/error_code_message.h
[0.876s] -- Up-to-date: /home/jenit/ur_ws/install/ur_client_library/include/ur_client_library/primary/robot_message/version_message.h
[0.876s] -- Up-to-date: /home/jenit/ur_ws/install/ur_client_library/include/ur_client_library/primary/primary_client.h
[0.876s] -- Up-to-date: /home/jenit/ur_ws/install/ur_client_library/include/ur_client_library/primary/.clang-tidy
[0.876s] -- Up-to-date: /home/jenit/ur_ws/install/ur_client_library/include/ur_client_library/primary/robot_message.h
[0.880s] -- Up-to-date: /home/jenit/ur_ws/install/ur_client_library/include/ur_client_library/primary/abstract_primary_consumer.h
[0.880s] -- Up-to-date: /home/jenit/ur_ws/install/ur_client_library/include/ur_client_library/primary/primary_package.h
[0.880s] -- Up-to-date: /home/jenit/ur_ws/install/ur_client_library/include/ur_client_library/primary/package_header.h
[0.881s] -- Up-to-date: /home/jenit/ur_ws/install/ur_client_library/include/ur_client_library/primary/primary_parser.h
[0.881s] -- Up-to-date: /home/jenit/ur_ws/install/ur_client_library/include/ur_client_library/primary/robot_state.h
[0.881s] -- Up-to-date: /home/jenit/ur_ws/install/ur_client_library/include/ur_client_library/exceptions.h
[0.881s] -- Up-to-date: /home/jenit/ur_ws/install/ur_client_library/include/ur_client_library/control
[0.881s] -- Up-to-date: /home/jenit/ur_ws/install/ur_client_library/include/ur_client_library/control/reverse_interface.h
[0.881s] -- Up-to-date: /home/jenit/ur_ws/install/ur_client_library/include/ur_client_library/control/trajectory_point_interface.h
[0.881s] -- Up-to-date: /home/jenit/ur_ws/install/ur_client_library/include/ur_client_library/control/script_command_interface.h
[0.881s] -- Up-to-date: /home/jenit/ur_ws/install/ur_client_library/include/ur_client_library/control/motion_primitives.h
[0.881s] -- Up-to-date: /home/jenit/ur_ws/install/ur_client_library/include/ur_client_library/control/script_sender.h
[0.881s] -- Up-to-date: /home/jenit/ur_ws/install/ur_client_library/include/ur_client_library/example_robot_wrapper.h
[0.881s] -- Up-to-date: /home/jenit/ur_ws/install/ur_client_library/include/ur_client_library/log.h
[0.881s] -- Up-to-date: /home/jenit/ur_ws/install/ur_client_library/lib/cmake/ur_client_library/urclTargets.cmake
[0.881s] -- Up-to-date: /home/jenit/ur_ws/install/ur_client_library/lib/cmake/ur_client_library/urclTargets-relwithdebinfo.cmake
[0.881s] -- Up-to-date: /home/jenit/ur_ws/install/ur_client_library/lib/ur_client_library/start_ursim.sh
[0.881s] -- Up-to-date: /home/jenit/ur_ws/install/ur_client_library/lib/cmake/ur_client_library/ur_client_libraryConfig.cmake
[0.881s] -- Up-to-date: /home/jenit/ur_ws/install/ur_client_library/share/ur_client_library/package.xml
[0.881s] -- Up-to-date: /home/jenit/ur_ws/install/ur_client_library/share/ament_index/resource_index/packages/ur_client_library
[0.881s] -- Up-to-date: /home/jenit/ur_ws/install/ur_client_library/share/ur_client_library/hook/ament_prefix_path.dsv
[0.882s] -- Up-to-date: /home/jenit/ur_ws/install/ur_client_library/share/ur_client_library/hook/ros_package_path.dsv
[0.882s] -- Up-to-date: /home/jenit/ur_ws/install/ur_client_library/share/ur_client_library/resources
[0.882s] -- Up-to-date: /home/jenit/ur_ws/install/ur_client_library/share/ur_client_library/resources/external_control.urscript
[0.882s] Invoked command in '/home/jenit/ur_ws/build/ur_client_library' returned '0': CMAKE_PREFIX_PATH=${CMAKE_PREFIX_PATH}:/home/jenit/ws_moveit/install/moveit_configs_utils:/home/jenit/ws_moveit/install/launch_param_builder:/opt/ros/humble:/home/jenit/ros2_humble/install/rqt_bag_plugins:/home/jenit/ros2_humble/install/rqt_bag:/home/jenit/ros2_humble/install/launch_testing_examples:/home/jenit/ros2_humble/install/ros2bag:/home/jenit/ros2_humble/install/tracetools_test:/home/jenit/ros2_humble/install/tracetools_launch:/home/jenit/ros2_humble/install/topic_monitor:/home/jenit/ros2_humble/install/tf2_tools:/home/jenit/ros2_humble/install/examples_tf2_py:/home/jenit/ros2_humble/install/tf2_ros_py:/home/jenit/ros2_humble/install/sros2:/home/jenit/ros2_humble/install/rqt_topic:/home/jenit/ros2_humble/install/rqt_srv:/home/jenit/ros2_humble/install/rqt_shell:/home/jenit/ros2_humble/install/rqt_service_caller:/home/jenit/ros2_humble/install/rqt_reconfigure:/home/jenit/ros2_humble/install/rqt_py_console:/home/jenit/ros2_humble/install/rqt_publisher:/home/jenit/ros2_humble/install/rqt_plot:/home/jenit/ros2_humble/install/rqt_action:/home/jenit/ros2_humble/install/rqt_msg:/home/jenit/ros2_humble/install/rqt_console:/home/jenit/ros2_humble/install/rqt:/home/jenit/ros2_humble/install/rqt_graph:/home/jenit/ros2_humble/install/rqt_gui_py:/home/jenit/ros2_humble/install/rqt_gui:/home/jenit/ros2_humble/install/ros2trace:/home/jenit/ros2_humble/install/ros2topic:/home/jenit/ros2_humble/install/ros2test:/home/jenit/ros2_humble/install/ros2component:/home/jenit/ros2_humble/install/ros2param:/home/jenit/ros2_humble/install/ros2lifecycle:/home/jenit/ros2_humble/install/ros2service:/home/jenit/ros2_humble/install/ros2run:/home/jenit/ros2_humble/install/ros2launch:/home/jenit/ros2_humble/install/ros2pkg:/home/jenit/ros2_humble/install/ros2node:/home/jenit/ros2_humble/install/ros2multicast:/home/jenit/ros2_humble/install/ros2interface:/home/jenit/ros2_humble/install/ros2doctor:/home/jenit/ros2_humble/install/ros2action:/home/jenit/ros2_humble/install/ros2cli:/home/jenit/ros2_humble/install/quality_of_service_demo_py:/home/jenit/ros2_humble/install/lifecycle_py:/home/jenit/ros2_humble/install/launch_testing_ros:/home/jenit/ros2_humble/install/launch_ros:/home/jenit/ros2_humble/install/examples_rclpy_pointcloud_publisher:/home/jenit/ros2_humble/install/examples_rclpy_minimal_subscriber:/home/jenit/ros2_humble/install/examples_rclpy_minimal_service:/home/jenit/ros2_humble/install/examples_rclpy_minimal_publisher:/home/jenit/ros2_humble/install/examples_rclpy_minimal_client:/home/jenit/ros2_humble/install/examples_rclpy_minimal_action_server:/home/jenit/ros2_humble/install/examples_rclpy_minimal_action_client:/home/jenit/ros2_humble/install/examples_rclpy_guard_conditions:/home/jenit/ros2_humble/install/examples_rclpy_executors:/home/jenit/ros2_humble/install/demo_nodes_py:/home/jenit/ros2_humble/install/camera_info_manager_py:/home/jenit/ros2_humble/install/action_tutorials_py:/home/jenit/ros2_humble/install/ament_uncrustify:/home/jenit/ros2_humble/install/tracetools_trace:/home/jenit/ros2_humble/install/tracetools_read:/home/jenit/ros2_humble/install/test_tracetools_launch:/home/jenit/ros2_humble/install/test_launch_ros:/home/jenit/ros2_humble/install/sensor_msgs_py:/home/jenit/ros2_humble/install/rpyutils:/home/jenit/ros2_humble/install/rosidl_runtime_py:/home/jenit/ros2_humble/install/rosidl_cli:/home/jenit/ros2_humble/install/launch_pytest:/home/jenit/ros2_humble/install/launch_testing:/home/jenit/ros2_humble/install/launch_yaml:/home/jenit/ros2_humble/install/launch_xml:/home/jenit/ros2_humble/install/launch:/home/jenit/ros2_humble/install/osrf_pycommon:/home/jenit/ros2_humble/install/domain_coordinator:/home/jenit/ros2_humble/install/ament_xmllint:/home/jenit/ros2_humble/install/ament_pyflakes:/home/jenit/ros2_humble/install/ament_pycodestyle:/home/jenit/ros2_humble/install/ament_pep257:/home/jenit/ros2_humble/install/ament_pclint:/home/jenit/ros2_humble/install/ament_package:/home/jenit/ros2_humble/install/ament_mypy:/home/jenit/ros2_humble/install/ament_lint_cmake:/home/jenit/ros2_humble/install/ament_flake8:/home/jenit/ros2_humble/install/ament_copyright:/home/jenit/ros2_humble/install/ament_lint:/home/jenit/ros2_humble/install/ament_index_python:/home/jenit/ros2_humble/install/ament_cpplint:/home/jenit/ros2_humble/install/ament_cppcheck:/home/jenit/ros2_humble/install/ament_clang_tidy:/home/jenit/ros2_humble/install/ament_clang_format /usr/bin/cmake --install /home/jenit/ur_ws/build/ur_client_library
